16-Oct-2021 09:16:07.949 INFO [main] org.apache.catalina.startup.VersionLoggerListener.log Nombre de la versión del servidor: Apache Tomcat/10.0.12
16-Oct-2021 09:16:07.958 INFO [main] org.apache.catalina.startup.VersionLoggerListener.log Server built:                      Sep 28 2021 13:34:21 UTC
16-Oct-2021 09:16:07.958 INFO [main] org.apache.catalina.startup.VersionLoggerListener.log Número de versión de servidor:     10.0.12.0
16-Oct-2021 09:16:07.959 INFO [main] org.apache.catalina.startup.VersionLoggerListener.log OS Name:                           Windows 10
16-Oct-2021 09:16:07.960 INFO [main] org.apache.catalina.startup.VersionLoggerListener.log Versión de Systema Operativo:      10.0
16-Oct-2021 09:16:07.960 INFO [main] org.apache.catalina.startup.VersionLoggerListener.log Arquitectura:                      amd64
16-Oct-2021 09:16:07.961 INFO [main] org.apache.catalina.startup.VersionLoggerListener.log Java Home:                         C:\Program Files\Java\jdk-17
16-Oct-2021 09:16:07.961 INFO [main] org.apache.catalina.startup.VersionLoggerListener.log JVM Version:                       17+35-LTS-2724
16-Oct-2021 09:16:07.962 INFO [main] org.apache.catalina.startup.VersionLoggerListener.log Vededor JVM:                       Oracle Corporation
16-Oct-2021 09:16:07.963 INFO [main] org.apache.catalina.startup.VersionLoggerListener.log CATALINA_BASE:                     C:\instance3
16-Oct-2021 09:16:07.966 INFO [main] org.apache.catalina.startup.VersionLoggerListener.log CATALINA_HOME:                     C:\tomcat10
16-Oct-2021 09:16:07.977 INFO [main] org.apache.catalina.startup.VersionLoggerListener.log Command line argument:             --add-opens=java.base/java.lang=ALL-UNNAMED
16-Oct-2021 09:16:07.978 INFO [main] org.apache.catalina.startup.VersionLoggerListener.log Command line argument:             --add-opens=java.base/java.io=ALL-UNNAMED
16-Oct-2021 09:16:07.978 INFO [main] org.apache.catalina.startup.VersionLoggerListener.log Command line argument:             --add-opens=java.base/java.util=ALL-UNNAMED
16-Oct-2021 09:16:07.979 INFO [main] org.apache.catalina.startup.VersionLoggerListener.log Command line argument:             --add-opens=java.base/java.util.concurrent=ALL-UNNAMED
16-Oct-2021 09:16:07.982 INFO [main] org.apache.catalina.startup.VersionLoggerListener.log Command line argument:             --add-opens=java.rmi/sun.rmi.transport=ALL-UNNAMED
16-Oct-2021 09:16:07.983 INFO [main] org.apache.catalina.startup.VersionLoggerListener.log Command line argument:             -Djava.util.logging.config.file=C:\instance3\conf\logging.properties
16-Oct-2021 09:16:07.986 INFO [main] org.apache.catalina.startup.VersionLoggerListener.log Command line argument:             -Djava.util.logging.manager=org.apache.juli.ClassLoaderLogManager
16-Oct-2021 09:16:07.988 INFO [main] org.apache.catalina.startup.VersionLoggerListener.log Command line argument:             -Djdk.tls.ephemeralDHKeySize=2048
16-Oct-2021 09:16:07.989 INFO [main] org.apache.catalina.startup.VersionLoggerListener.log Command line argument:             -Djava.protocol.handler.pkgs=org.apache.catalina.webresources
16-Oct-2021 09:16:07.991 INFO [main] org.apache.catalina.startup.VersionLoggerListener.log Command line argument:             -Dignore.endorsed.dirs=
16-Oct-2021 09:16:07.992 INFO [main] org.apache.catalina.startup.VersionLoggerListener.log Command line argument:             -Dcatalina.base=C:\instance3
16-Oct-2021 09:16:07.992 INFO [main] org.apache.catalina.startup.VersionLoggerListener.log Command line argument:             -Dcatalina.home=C:\tomcat10
16-Oct-2021 09:16:07.993 INFO [main] org.apache.catalina.startup.VersionLoggerListener.log Command line argument:             -Djava.io.tmpdir=C:\instance3\temp
16-Oct-2021 09:16:08.001 INFO [main] org.apache.catalina.core.AprLifecycleListener.lifecycleEvent Cargada la biblioteca nativa APR de Apache Tomcat [1.2.31] con la versión APR [1.7.0].
16-Oct-2021 09:16:08.002 INFO [main] org.apache.catalina.core.AprLifecycleListener.lifecycleEvent Capacidades APR: IPv6 [true], enviar fichero [true], aceptar filtros [false], aleatorio [true], UDS [true].
16-Oct-2021 09:16:08.008 INFO [main] org.apache.catalina.core.AprLifecycleListener.initializeSSL OpenSSL inicializado correctamente [OpenSSL 1.1.1l  24 Aug 2021]
16-Oct-2021 09:16:08.370 INFO [main] org.apache.coyote.AbstractProtocol.init Inicializando el manejador de protocolo ["http-nio-8380"]

16-Oct-2021 09:16:08.405 INFO [main] org.apache.coyote.AbstractProtocol.init Inicializando el manejador de protocolo ["ajp-nio-0:0:0:0:0:0:0:1-8309"]

16-Oct-2021 09:16:08.408 INFO [main] org.apache.catalina.startup.Catalina.load Server initialization in [780] milliseconds
16-Oct-2021 09:16:08.478 INFO [main] org.apache.catalina.core.StandardService.startInternal Arrancando servicio [Catalina]
16-Oct-2021 09:16:08.479 INFO [main] org.apache.catalina.core.StandardEngine.startInternal Starting Servlet engine: [Apache Tomcat/10.0.12]
16-Oct-2021 09:16:08.496 INFO [main] org.apache.catalina.startup.HostConfig.deployDirectory Desplegando el directorio [C:\instance3\webapps\demoapp] de la aplicación web
16-Oct-2021 09:16:09.030 WARNING [main] org.apache.catalina.util.SessionIdGeneratorBase.createSecureRandom Creation of SecureRandom instance for session ID generation using [SHA1PRNG] took [188] milliseconds.
16-Oct-2021 09:16:09.053 INFO [main] org.apache.catalina.startup.HostConfig.deployDirectory Deployment of web application directory [C:\instance3\webapps\demoapp] has finished in [558] ms
16-Oct-2021 09:16:09.054 INFO [main] org.apache.catalina.startup.HostConfig.deployDirectory Desplegando el directorio [C:\instance3\webapps\docs] de la aplicación web
16-Oct-2021 09:16:09.103 INFO [main] org.apache.catalina.startup.HostConfig.deployDirectory Deployment of web application directory [C:\instance3\webapps\docs] has finished in [49] ms
16-Oct-2021 09:16:09.106 INFO [main] org.apache.catalina.startup.HostConfig.deployDirectory Desplegando el directorio [C:\instance3\webapps\examples] de la aplicación web
16-Oct-2021 09:16:09.892 INFO [main] org.apache.catalina.startup.HostConfig.deployDirectory Deployment of web application directory [C:\instance3\webapps\examples] has finished in [787] ms
16-Oct-2021 09:16:09.893 INFO [main] org.apache.catalina.startup.HostConfig.deployDirectory Desplegando el directorio [C:\instance3\webapps\host-manager] de la aplicación web
16-Oct-2021 09:16:09.951 INFO [main] org.apache.catalina.startup.HostConfig.deployDirectory Deployment of web application directory [C:\instance3\webapps\host-manager] has finished in [57] ms
16-Oct-2021 09:16:09.952 INFO [main] org.apache.catalina.startup.HostConfig.deployDirectory Desplegando el directorio [C:\instance3\webapps\manager] de la aplicación web
16-Oct-2021 09:16:10.009 INFO [main] org.apache.catalina.startup.HostConfig.deployDirectory Deployment of web application directory [C:\instance3\webapps\manager] has finished in [58] ms
16-Oct-2021 09:16:10.010 INFO [main] org.apache.catalina.startup.HostConfig.deployDirectory Desplegando el directorio [C:\instance3\webapps\ROOT] de la aplicación web
16-Oct-2021 09:16:10.051 INFO [main] org.apache.catalina.startup.HostConfig.deployDirectory Deployment of web application directory [C:\instance3\webapps\ROOT] has finished in [41] ms
16-Oct-2021 09:16:10.064 INFO [main] org.apache.coyote.AbstractProtocol.start Starting ProtocolHandler ["http-nio-8380"]
16-Oct-2021 09:16:10.274 SEVERE [main] org.apache.catalina.util.LifecycleBase.handleSubClassException Failed to start component [Connector[AJP/1.3-8309]]
	org.apache.catalina.LifecycleException: Falló el arranque del manejador de protocolo
		at org.apache.catalina.connector.Connector.startInternal(Connector.java:1081)
		at org.apache.catalina.util.LifecycleBase.start(LifecycleBase.java:183)
		at org.apache.catalina.core.StandardService.startInternal(StandardService.java:449)
		at org.apache.catalina.util.LifecycleBase.start(LifecycleBase.java:183)
		at org.apache.catalina.core.StandardServer.startInternal(StandardServer.java:927)
		at org.apache.catalina.util.LifecycleBase.start(LifecycleBase.java:183)
		at org.apache.catalina.startup.Catalina.start(Catalina.java:795)
		at java.base/jdk.internal.reflect.NativeMethodAccessorImpl.invoke0(Native Method)
		at java.base/jdk.internal.reflect.NativeMethodAccessorImpl.invoke(NativeMethodAccessorImpl.java:77)
		at java.base/jdk.internal.reflect.DelegatingMethodAccessorImpl.invoke(DelegatingMethodAccessorImpl.java:43)
		at java.base/java.lang.reflect.Method.invoke(Method.java:568)
		at org.apache.catalina.startup.Bootstrap.start(Bootstrap.java:345)
		at org.apache.catalina.startup.Bootstrap.main(Bootstrap.java:476)
	Caused by: java.lang.IllegalArgumentException: The AJP Connector is configured with secretRequired="true" but the secret attribute is either null or "". This combination is not valid.
		at org.apache.coyote.ajp.AbstractAjpProtocol.start(AbstractAjpProtocol.java:270)
		at org.apache.catalina.connector.Connector.startInternal(Connector.java:1078)
		... 12 more
16-Oct-2021 09:16:10.276 INFO [main] org.apache.catalina.startup.Catalina.start Server startup in [1866] milliseconds
16-Oct-2021 09:33:39.861 INFO [main] org.apache.catalina.startup.VersionLoggerListener.log Nombre de la versión del servidor: Apache Tomcat/10.0.12
16-Oct-2021 09:33:39.870 INFO [main] org.apache.catalina.startup.VersionLoggerListener.log Server built:                      Sep 28 2021 13:34:21 UTC
16-Oct-2021 09:33:39.872 INFO [main] org.apache.catalina.startup.VersionLoggerListener.log Número de versión de servidor:     10.0.12.0
16-Oct-2021 09:33:39.872 INFO [main] org.apache.catalina.startup.VersionLoggerListener.log OS Name:                           Windows 10
16-Oct-2021 09:33:39.873 INFO [main] org.apache.catalina.startup.VersionLoggerListener.log Versión de Systema Operativo:      10.0
16-Oct-2021 09:33:39.873 INFO [main] org.apache.catalina.startup.VersionLoggerListener.log Arquitectura:                      amd64
16-Oct-2021 09:33:39.874 INFO [main] org.apache.catalina.startup.VersionLoggerListener.log Java Home:                         C:\Program Files\Java\jdk-17
16-Oct-2021 09:33:39.875 INFO [main] org.apache.catalina.startup.VersionLoggerListener.log JVM Version:                       17+35-LTS-2724
16-Oct-2021 09:33:39.876 INFO [main] org.apache.catalina.startup.VersionLoggerListener.log Vededor JVM:                       Oracle Corporation
16-Oct-2021 09:33:39.877 INFO [main] org.apache.catalina.startup.VersionLoggerListener.log CATALINA_BASE:                     C:\instance3
16-Oct-2021 09:33:39.877 INFO [main] org.apache.catalina.startup.VersionLoggerListener.log CATALINA_HOME:                     C:\tomcat10
16-Oct-2021 09:33:39.892 INFO [main] org.apache.catalina.startup.VersionLoggerListener.log Command line argument:             --add-opens=java.base/java.lang=ALL-UNNAMED
16-Oct-2021 09:33:39.897 INFO [main] org.apache.catalina.startup.VersionLoggerListener.log Command line argument:             --add-opens=java.base/java.io=ALL-UNNAMED
16-Oct-2021 09:33:39.898 INFO [main] org.apache.catalina.startup.VersionLoggerListener.log Command line argument:             --add-opens=java.base/java.util=ALL-UNNAMED
16-Oct-2021 09:33:39.898 INFO [main] org.apache.catalina.startup.VersionLoggerListener.log Command line argument:             --add-opens=java.base/java.util.concurrent=ALL-UNNAMED
16-Oct-2021 09:33:39.899 INFO [main] org.apache.catalina.startup.VersionLoggerListener.log Command line argument:             --add-opens=java.rmi/sun.rmi.transport=ALL-UNNAMED
16-Oct-2021 09:33:39.900 INFO [main] org.apache.catalina.startup.VersionLoggerListener.log Command line argument:             -Djava.util.logging.config.file=C:\instance3\conf\logging.properties
16-Oct-2021 09:33:39.900 INFO [main] org.apache.catalina.startup.VersionLoggerListener.log Command line argument:             -Djava.util.logging.manager=org.apache.juli.ClassLoaderLogManager
16-Oct-2021 09:33:39.901 INFO [main] org.apache.catalina.startup.VersionLoggerListener.log Command line argument:             -Djdk.tls.ephemeralDHKeySize=2048
16-Oct-2021 09:33:39.904 INFO [main] org.apache.catalina.startup.VersionLoggerListener.log Command line argument:             -Djava.protocol.handler.pkgs=org.apache.catalina.webresources
16-Oct-2021 09:33:39.905 INFO [main] org.apache.catalina.startup.VersionLoggerListener.log Command line argument:             -Dignore.endorsed.dirs=
16-Oct-2021 09:33:39.906 INFO [main] org.apache.catalina.startup.VersionLoggerListener.log Command line argument:             -Dcatalina.base=C:\instance3
16-Oct-2021 09:33:39.907 INFO [main] org.apache.catalina.startup.VersionLoggerListener.log Command line argument:             -Dcatalina.home=C:\tomcat10
16-Oct-2021 09:33:39.908 INFO [main] org.apache.catalina.startup.VersionLoggerListener.log Command line argument:             -Djava.io.tmpdir=C:\instance3\temp
16-Oct-2021 09:33:39.915 INFO [main] org.apache.catalina.core.AprLifecycleListener.lifecycleEvent Cargada la biblioteca nativa APR de Apache Tomcat [1.2.31] con la versión APR [1.7.0].
16-Oct-2021 09:33:39.915 INFO [main] org.apache.catalina.core.AprLifecycleListener.lifecycleEvent Capacidades APR: IPv6 [true], enviar fichero [true], aceptar filtros [false], aleatorio [true], UDS [true].
16-Oct-2021 09:33:39.925 INFO [main] org.apache.catalina.core.AprLifecycleListener.initializeSSL OpenSSL inicializado correctamente [OpenSSL 1.1.1l  24 Aug 2021]
16-Oct-2021 09:33:40.421 INFO [main] org.apache.coyote.AbstractProtocol.init Inicializando el manejador de protocolo ["http-nio-8380"]

16-Oct-2021 09:33:40.470 INFO [main] org.apache.coyote.AbstractProtocol.init Inicializando el manejador de protocolo ["ajp-nio-0:0:0:0:0:0:0:1-8309"]

16-Oct-2021 09:33:40.473 INFO [main] org.apache.catalina.startup.Catalina.load Server initialization in [1021] milliseconds
16-Oct-2021 09:33:40.563 INFO [main] org.apache.catalina.core.StandardService.startInternal Arrancando servicio [Catalina]
16-Oct-2021 09:33:40.563 INFO [main] org.apache.catalina.core.StandardEngine.startInternal Starting Servlet engine: [Apache Tomcat/10.0.12]
16-Oct-2021 09:33:40.581 INFO [main] org.apache.catalina.startup.HostConfig.deployDirectory Desplegando el directorio [C:\instance3\webapps\demoapp] de la aplicación web
16-Oct-2021 09:33:41.258 WARNING [main] org.apache.catalina.util.SessionIdGeneratorBase.createSecureRandom Creation of SecureRandom instance for session ID generation using [SHA1PRNG] took [218] milliseconds.
16-Oct-2021 09:33:41.289 INFO [main] org.apache.catalina.startup.HostConfig.deployDirectory Deployment of web application directory [C:\instance3\webapps\demoapp] has finished in [708] ms
16-Oct-2021 09:33:41.291 INFO [main] org.apache.catalina.startup.HostConfig.deployDirectory Desplegando el directorio [C:\instance3\webapps\docs] de la aplicación web
16-Oct-2021 09:33:41.349 INFO [main] org.apache.catalina.startup.HostConfig.deployDirectory Deployment of web application directory [C:\instance3\webapps\docs] has finished in [57] ms
16-Oct-2021 09:33:41.352 INFO [main] org.apache.catalina.startup.HostConfig.deployDirectory Desplegando el directorio [C:\instance3\webapps\examples] de la aplicación web
16-Oct-2021 09:33:42.127 INFO [main] org.apache.catalina.startup.HostConfig.deployDirectory Deployment of web application directory [C:\instance3\webapps\examples] has finished in [775] ms
16-Oct-2021 09:33:42.128 INFO [main] org.apache.catalina.startup.HostConfig.deployDirectory Desplegando el directorio [C:\instance3\webapps\host-manager] de la aplicación web
16-Oct-2021 09:33:42.212 INFO [main] org.apache.catalina.startup.HostConfig.deployDirectory Deployment of web application directory [C:\instance3\webapps\host-manager] has finished in [83] ms
16-Oct-2021 09:33:42.212 INFO [main] org.apache.catalina.startup.HostConfig.deployDirectory Desplegando el directorio [C:\instance3\webapps\manager] de la aplicación web
16-Oct-2021 09:33:42.294 INFO [main] org.apache.catalina.startup.HostConfig.deployDirectory Deployment of web application directory [C:\instance3\webapps\manager] has finished in [81] ms
16-Oct-2021 09:33:42.297 INFO [main] org.apache.catalina.startup.HostConfig.deployDirectory Desplegando el directorio [C:\instance3\webapps\ROOT] de la aplicación web
16-Oct-2021 09:33:42.362 INFO [main] org.apache.catalina.startup.HostConfig.deployDirectory Deployment of web application directory [C:\instance3\webapps\ROOT] has finished in [66] ms
16-Oct-2021 09:33:42.381 INFO [main] org.apache.coyote.AbstractProtocol.start Starting ProtocolHandler ["http-nio-8380"]
16-Oct-2021 09:33:42.674 SEVERE [main] org.apache.catalina.util.LifecycleBase.handleSubClassException Failed to start component [Connector[AJP/1.3-8309]]
	org.apache.catalina.LifecycleException: Falló el arranque del manejador de protocolo
		at org.apache.catalina.connector.Connector.startInternal(Connector.java:1081)
		at org.apache.catalina.util.LifecycleBase.start(LifecycleBase.java:183)
		at org.apache.catalina.core.StandardService.startInternal(StandardService.java:449)
		at org.apache.catalina.util.LifecycleBase.start(LifecycleBase.java:183)
		at org.apache.catalina.core.StandardServer.startInternal(StandardServer.java:927)
		at org.apache.catalina.util.LifecycleBase.start(LifecycleBase.java:183)
		at org.apache.catalina.startup.Catalina.start(Catalina.java:795)
		at java.base/jdk.internal.reflect.NativeMethodAccessorImpl.invoke0(Native Method)
		at java.base/jdk.internal.reflect.NativeMethodAccessorImpl.invoke(NativeMethodAccessorImpl.java:77)
		at java.base/jdk.internal.reflect.DelegatingMethodAccessorImpl.invoke(DelegatingMethodAccessorImpl.java:43)
		at java.base/java.lang.reflect.Method.invoke(Method.java:568)
		at org.apache.catalina.startup.Bootstrap.start(Bootstrap.java:345)
		at org.apache.catalina.startup.Bootstrap.main(Bootstrap.java:476)
	Caused by: java.lang.IllegalArgumentException: The AJP Connector is configured with secretRequired="true" but the secret attribute is either null or "". This combination is not valid.
		at org.apache.coyote.ajp.AbstractAjpProtocol.start(AbstractAjpProtocol.java:270)
		at org.apache.catalina.connector.Connector.startInternal(Connector.java:1078)
		... 12 more
16-Oct-2021 09:33:42.677 INFO [main] org.apache.catalina.startup.Catalina.start Server startup in [2202] milliseconds
16-Oct-2021 09:33:54.718 INFO [http-nio-8380-exec-1] org.apache.coyote.AbstractProcessor.parseHost El host [tomcat_servers] no es válido

 Nota: futuras ocurrencias de la solicitud the parseo de errores será logueada con nivel DEBUG.
	java.lang.IllegalArgumentException: The character [_] is never valid in a domain name.
		at org.apache.tomcat.util.http.parser.HttpParser$DomainParseState.next(HttpParser.java:974)
		at org.apache.tomcat.util.http.parser.HttpParser.readHostDomainName(HttpParser.java:870)
		at org.apache.tomcat.util.http.parser.Host.parse(Host.java:71)
		at org.apache.tomcat.util.http.parser.Host.parse(Host.java:45)
		at org.apache.coyote.AbstractProcessor.parseHost(AbstractProcessor.java:298)
		at org.apache.coyote.http11.Http11Processor.prepareRequest(Http11Processor.java:807)
		at org.apache.coyote.http11.Http11Processor.service(Http11Processor.java:358)
		at org.apache.coyote.AbstractProcessorLight.process(AbstractProcessorLight.java:65)
		at org.apache.coyote.AbstractProtocol$ConnectionHandler.process(AbstractProtocol.java:872)
		at org.apache.tomcat.util.net.NioEndpoint$SocketProcessor.doRun(NioEndpoint.java:1695)
		at org.apache.tomcat.util.net.SocketProcessorBase.run(SocketProcessorBase.java:49)
		at org.apache.tomcat.util.threads.ThreadPoolExecutor.runWorker(ThreadPoolExecutor.java:1191)
		at org.apache.tomcat.util.threads.ThreadPoolExecutor$Worker.run(ThreadPoolExecutor.java:659)
		at org.apache.tomcat.util.threads.TaskThread$WrappingRunnable.run(TaskThread.java:61)
		at java.base/java.lang.Thread.run(Thread.java:833)
16-Oct-2021 09:38:16.141 INFO [main] org.apache.catalina.startup.VersionLoggerListener.log Nombre de la versión del servidor: Apache Tomcat/10.0.12
16-Oct-2021 09:38:16.149 INFO [main] org.apache.catalina.startup.VersionLoggerListener.log Server built:                      Sep 28 2021 13:34:21 UTC
16-Oct-2021 09:38:16.149 INFO [main] org.apache.catalina.startup.VersionLoggerListener.log Número de versión de servidor:     10.0.12.0
16-Oct-2021 09:38:16.149 INFO [main] org.apache.catalina.startup.VersionLoggerListener.log OS Name:                           Windows 10
16-Oct-2021 09:38:16.150 INFO [main] org.apache.catalina.startup.VersionLoggerListener.log Versión de Systema Operativo:      10.0
16-Oct-2021 09:38:16.150 INFO [main] org.apache.catalina.startup.VersionLoggerListener.log Arquitectura:                      amd64
16-Oct-2021 09:38:16.151 INFO [main] org.apache.catalina.startup.VersionLoggerListener.log Java Home:                         C:\Program Files\Java\jdk-17
16-Oct-2021 09:38:16.152 INFO [main] org.apache.catalina.startup.VersionLoggerListener.log JVM Version:                       17+35-LTS-2724
16-Oct-2021 09:38:16.153 INFO [main] org.apache.catalina.startup.VersionLoggerListener.log Vededor JVM:                       Oracle Corporation
16-Oct-2021 09:38:16.154 INFO [main] org.apache.catalina.startup.VersionLoggerListener.log CATALINA_BASE:                     C:\instance3
16-Oct-2021 09:38:16.154 INFO [main] org.apache.catalina.startup.VersionLoggerListener.log CATALINA_HOME:                     C:\tomcat10
16-Oct-2021 09:38:16.169 INFO [main] org.apache.catalina.startup.VersionLoggerListener.log Command line argument:             --add-opens=java.base/java.lang=ALL-UNNAMED
16-Oct-2021 09:38:16.169 INFO [main] org.apache.catalina.startup.VersionLoggerListener.log Command line argument:             --add-opens=java.base/java.io=ALL-UNNAMED
16-Oct-2021 09:38:16.170 INFO [main] org.apache.catalina.startup.VersionLoggerListener.log Command line argument:             --add-opens=java.base/java.util=ALL-UNNAMED
16-Oct-2021 09:38:16.171 INFO [main] org.apache.catalina.startup.VersionLoggerListener.log Command line argument:             --add-opens=java.base/java.util.concurrent=ALL-UNNAMED
16-Oct-2021 09:38:16.172 INFO [main] org.apache.catalina.startup.VersionLoggerListener.log Command line argument:             --add-opens=java.rmi/sun.rmi.transport=ALL-UNNAMED
16-Oct-2021 09:38:16.173 INFO [main] org.apache.catalina.startup.VersionLoggerListener.log Command line argument:             -Djava.util.logging.config.file=C:\instance3\conf\logging.properties
16-Oct-2021 09:38:16.174 INFO [main] org.apache.catalina.startup.VersionLoggerListener.log Command line argument:             -Djava.util.logging.manager=org.apache.juli.ClassLoaderLogManager
16-Oct-2021 09:38:16.175 INFO [main] org.apache.catalina.startup.VersionLoggerListener.log Command line argument:             -Djdk.tls.ephemeralDHKeySize=2048
16-Oct-2021 09:38:16.175 INFO [main] org.apache.catalina.startup.VersionLoggerListener.log Command line argument:             -Djava.protocol.handler.pkgs=org.apache.catalina.webresources
16-Oct-2021 09:38:16.176 INFO [main] org.apache.catalina.startup.VersionLoggerListener.log Command line argument:             -Dignore.endorsed.dirs=
16-Oct-2021 09:38:16.177 INFO [main] org.apache.catalina.startup.VersionLoggerListener.log Command line argument:             -Dcatalina.base=C:\instance3
16-Oct-2021 09:38:16.177 INFO [main] org.apache.catalina.startup.VersionLoggerListener.log Command line argument:             -Dcatalina.home=C:\tomcat10
16-Oct-2021 09:38:16.178 INFO [main] org.apache.catalina.startup.VersionLoggerListener.log Command line argument:             -Djava.io.tmpdir=C:\instance3\temp
16-Oct-2021 09:38:16.184 INFO [main] org.apache.catalina.core.AprLifecycleListener.lifecycleEvent Cargada la biblioteca nativa APR de Apache Tomcat [1.2.31] con la versión APR [1.7.0].
16-Oct-2021 09:38:16.185 INFO [main] org.apache.catalina.core.AprLifecycleListener.lifecycleEvent Capacidades APR: IPv6 [true], enviar fichero [true], aceptar filtros [false], aleatorio [true], UDS [true].
16-Oct-2021 09:38:16.192 INFO [main] org.apache.catalina.core.AprLifecycleListener.initializeSSL OpenSSL inicializado correctamente [OpenSSL 1.1.1l  24 Aug 2021]
16-Oct-2021 09:38:16.722 INFO [main] org.apache.coyote.AbstractProtocol.init Inicializando el manejador de protocolo ["http-nio-8380"]

16-Oct-2021 09:38:16.771 INFO [main] org.apache.coyote.AbstractProtocol.init Inicializando el manejador de protocolo ["ajp-nio-0:0:0:0:0:0:0:1-8309"]

16-Oct-2021 09:38:16.776 INFO [main] org.apache.catalina.startup.Catalina.load Server initialization in [1079] milliseconds
16-Oct-2021 09:38:16.862 INFO [main] org.apache.catalina.core.StandardService.startInternal Arrancando servicio [Catalina]
16-Oct-2021 09:38:16.863 INFO [main] org.apache.catalina.core.StandardEngine.startInternal Starting Servlet engine: [Apache Tomcat/10.0.12]
16-Oct-2021 09:38:16.884 INFO [main] org.apache.catalina.startup.HostConfig.deployDirectory Desplegando el directorio [C:\instance3\webapps\demoapp] de la aplicación web
16-Oct-2021 09:38:17.561 WARNING [main] org.apache.catalina.util.SessionIdGeneratorBase.createSecureRandom Creation of SecureRandom instance for session ID generation using [SHA1PRNG] took [210] milliseconds.
16-Oct-2021 09:38:17.585 INFO [main] org.apache.catalina.startup.HostConfig.deployDirectory Deployment of web application directory [C:\instance3\webapps\demoapp] has finished in [702] ms
16-Oct-2021 09:38:17.586 INFO [main] org.apache.catalina.startup.HostConfig.deployDirectory Desplegando el directorio [C:\instance3\webapps\docs] de la aplicación web
16-Oct-2021 09:38:17.630 INFO [main] org.apache.catalina.startup.HostConfig.deployDirectory Deployment of web application directory [C:\instance3\webapps\docs] has finished in [44] ms
16-Oct-2021 09:38:17.632 INFO [main] org.apache.catalina.startup.HostConfig.deployDirectory Desplegando el directorio [C:\instance3\webapps\examples] de la aplicación web
16-Oct-2021 09:38:18.469 INFO [main] org.apache.catalina.startup.HostConfig.deployDirectory Deployment of web application directory [C:\instance3\webapps\examples] has finished in [838] ms
16-Oct-2021 09:38:18.470 INFO [main] org.apache.catalina.startup.HostConfig.deployDirectory Desplegando el directorio [C:\instance3\webapps\host-manager] de la aplicación web
16-Oct-2021 09:38:18.565 INFO [main] org.apache.catalina.startup.HostConfig.deployDirectory Deployment of web application directory [C:\instance3\webapps\host-manager] has finished in [94] ms
16-Oct-2021 09:38:18.566 INFO [main] org.apache.catalina.startup.HostConfig.deployDirectory Desplegando el directorio [C:\instance3\webapps\manager] de la aplicación web
16-Oct-2021 09:38:18.656 INFO [main] org.apache.catalina.startup.HostConfig.deployDirectory Deployment of web application directory [C:\instance3\webapps\manager] has finished in [89] ms
16-Oct-2021 09:38:18.657 INFO [main] org.apache.catalina.startup.HostConfig.deployDirectory Desplegando el directorio [C:\instance3\webapps\ROOT] de la aplicación web
16-Oct-2021 09:38:18.717 INFO [main] org.apache.catalina.startup.HostConfig.deployDirectory Deployment of web application directory [C:\instance3\webapps\ROOT] has finished in [60] ms
16-Oct-2021 09:38:18.735 INFO [main] org.apache.coyote.AbstractProtocol.start Starting ProtocolHandler ["http-nio-8380"]
16-Oct-2021 09:38:19.024 SEVERE [main] org.apache.catalina.util.LifecycleBase.handleSubClassException Failed to start component [Connector[AJP/1.3-8309]]
	org.apache.catalina.LifecycleException: Falló el arranque del manejador de protocolo
		at org.apache.catalina.connector.Connector.startInternal(Connector.java:1081)
		at org.apache.catalina.util.LifecycleBase.start(LifecycleBase.java:183)
		at org.apache.catalina.core.StandardService.startInternal(StandardService.java:449)
		at org.apache.catalina.util.LifecycleBase.start(LifecycleBase.java:183)
		at org.apache.catalina.core.StandardServer.startInternal(StandardServer.java:927)
		at org.apache.catalina.util.LifecycleBase.start(LifecycleBase.java:183)
		at org.apache.catalina.startup.Catalina.start(Catalina.java:795)
		at java.base/jdk.internal.reflect.NativeMethodAccessorImpl.invoke0(Native Method)
		at java.base/jdk.internal.reflect.NativeMethodAccessorImpl.invoke(NativeMethodAccessorImpl.java:77)
		at java.base/jdk.internal.reflect.DelegatingMethodAccessorImpl.invoke(DelegatingMethodAccessorImpl.java:43)
		at java.base/java.lang.reflect.Method.invoke(Method.java:568)
		at org.apache.catalina.startup.Bootstrap.start(Bootstrap.java:345)
		at org.apache.catalina.startup.Bootstrap.main(Bootstrap.java:476)
	Caused by: java.lang.IllegalArgumentException: The AJP Connector is configured with secretRequired="true" but the secret attribute is either null or "". This combination is not valid.
		at org.apache.coyote.ajp.AbstractAjpProtocol.start(AbstractAjpProtocol.java:270)
		at org.apache.catalina.connector.Connector.startInternal(Connector.java:1078)
		... 12 more
16-Oct-2021 09:38:19.026 INFO [main] org.apache.catalina.startup.Catalina.start Server startup in [2249] milliseconds
16-Oct-2021 09:38:21.441 INFO [http-nio-8380-exec-1] org.apache.coyote.AbstractProcessor.parseHost El host [tomcat_servers] no es válido

 Nota: futuras ocurrencias de la solicitud the parseo de errores será logueada con nivel DEBUG.
	java.lang.IllegalArgumentException: The character [_] is never valid in a domain name.
		at org.apache.tomcat.util.http.parser.HttpParser$DomainParseState.next(HttpParser.java:974)
		at org.apache.tomcat.util.http.parser.HttpParser.readHostDomainName(HttpParser.java:870)
		at org.apache.tomcat.util.http.parser.Host.parse(Host.java:71)
		at org.apache.tomcat.util.http.parser.Host.parse(Host.java:45)
		at org.apache.coyote.AbstractProcessor.parseHost(AbstractProcessor.java:298)
		at org.apache.coyote.http11.Http11Processor.prepareRequest(Http11Processor.java:807)
		at org.apache.coyote.http11.Http11Processor.service(Http11Processor.java:358)
		at org.apache.coyote.AbstractProcessorLight.process(AbstractProcessorLight.java:65)
		at org.apache.coyote.AbstractProtocol$ConnectionHandler.process(AbstractProtocol.java:872)
		at org.apache.tomcat.util.net.NioEndpoint$SocketProcessor.doRun(NioEndpoint.java:1695)
		at org.apache.tomcat.util.net.SocketProcessorBase.run(SocketProcessorBase.java:49)
		at org.apache.tomcat.util.threads.ThreadPoolExecutor.runWorker(ThreadPoolExecutor.java:1191)
		at org.apache.tomcat.util.threads.ThreadPoolExecutor$Worker.run(ThreadPoolExecutor.java:659)
		at org.apache.tomcat.util.threads.TaskThread$WrappingRunnable.run(TaskThread.java:61)
		at java.base/java.lang.Thread.run(Thread.java:833)
16-Oct-2021 09:48:51.146 INFO [main] org.apache.catalina.startup.VersionLoggerListener.log Nombre de la versión del servidor: Apache Tomcat/10.0.12
16-Oct-2021 09:48:51.157 INFO [main] org.apache.catalina.startup.VersionLoggerListener.log Server built:                      Sep 28 2021 13:34:21 UTC
16-Oct-2021 09:48:51.157 INFO [main] org.apache.catalina.startup.VersionLoggerListener.log Número de versión de servidor:     10.0.12.0
16-Oct-2021 09:48:51.157 INFO [main] org.apache.catalina.startup.VersionLoggerListener.log OS Name:                           Windows 10
16-Oct-2021 09:48:51.157 INFO [main] org.apache.catalina.startup.VersionLoggerListener.log Versión de Systema Operativo:      10.0
16-Oct-2021 09:48:51.157 INFO [main] org.apache.catalina.startup.VersionLoggerListener.log Arquitectura:                      amd64
16-Oct-2021 09:48:51.157 INFO [main] org.apache.catalina.startup.VersionLoggerListener.log Java Home:                         C:\Program Files\Java\jdk-17
16-Oct-2021 09:48:51.157 INFO [main] org.apache.catalina.startup.VersionLoggerListener.log JVM Version:                       17+35-LTS-2724
16-Oct-2021 09:48:51.157 INFO [main] org.apache.catalina.startup.VersionLoggerListener.log Vededor JVM:                       Oracle Corporation
16-Oct-2021 09:48:51.157 INFO [main] org.apache.catalina.startup.VersionLoggerListener.log CATALINA_BASE:                     C:\instance3
16-Oct-2021 09:48:51.157 INFO [main] org.apache.catalina.startup.VersionLoggerListener.log CATALINA_HOME:                     C:\tomcat10
16-Oct-2021 09:48:51.173 INFO [main] org.apache.catalina.startup.VersionLoggerListener.log Command line argument:             --add-opens=java.base/java.lang=ALL-UNNAMED
16-Oct-2021 09:48:51.173 INFO [main] org.apache.catalina.startup.VersionLoggerListener.log Command line argument:             --add-opens=java.base/java.io=ALL-UNNAMED
16-Oct-2021 09:48:51.173 INFO [main] org.apache.catalina.startup.VersionLoggerListener.log Command line argument:             --add-opens=java.base/java.util=ALL-UNNAMED
16-Oct-2021 09:48:51.173 INFO [main] org.apache.catalina.startup.VersionLoggerListener.log Command line argument:             --add-opens=java.base/java.util.concurrent=ALL-UNNAMED
16-Oct-2021 09:48:51.173 INFO [main] org.apache.catalina.startup.VersionLoggerListener.log Command line argument:             --add-opens=java.rmi/sun.rmi.transport=ALL-UNNAMED
16-Oct-2021 09:48:51.173 INFO [main] org.apache.catalina.startup.VersionLoggerListener.log Command line argument:             -Djava.util.logging.config.file=C:\instance3\conf\logging.properties
16-Oct-2021 09:48:51.173 INFO [main] org.apache.catalina.startup.VersionLoggerListener.log Command line argument:             -Djava.util.logging.manager=org.apache.juli.ClassLoaderLogManager
16-Oct-2021 09:48:51.173 INFO [main] org.apache.catalina.startup.VersionLoggerListener.log Command line argument:             -Djdk.tls.ephemeralDHKeySize=2048
16-Oct-2021 09:48:51.173 INFO [main] org.apache.catalina.startup.VersionLoggerListener.log Command line argument:             -Djava.protocol.handler.pkgs=org.apache.catalina.webresources
16-Oct-2021 09:48:51.173 INFO [main] org.apache.catalina.startup.VersionLoggerListener.log Command line argument:             -Dignore.endorsed.dirs=
16-Oct-2021 09:48:51.173 INFO [main] org.apache.catalina.startup.VersionLoggerListener.log Command line argument:             -Dcatalina.base=C:\instance3
16-Oct-2021 09:48:51.173 INFO [main] org.apache.catalina.startup.VersionLoggerListener.log Command line argument:             -Dcatalina.home=C:\tomcat10
16-Oct-2021 09:48:51.173 INFO [main] org.apache.catalina.startup.VersionLoggerListener.log Command line argument:             -Djava.io.tmpdir=C:\instance3\temp
16-Oct-2021 09:48:51.173 INFO [main] org.apache.catalina.core.AprLifecycleListener.lifecycleEvent Cargada la biblioteca nativa APR de Apache Tomcat [1.2.31] con la versión APR [1.7.0].
16-Oct-2021 09:48:51.189 INFO [main] org.apache.catalina.core.AprLifecycleListener.lifecycleEvent Capacidades APR: IPv6 [true], enviar fichero [true], aceptar filtros [false], aleatorio [true], UDS [true].
16-Oct-2021 09:48:51.199 INFO [main] org.apache.catalina.core.AprLifecycleListener.initializeSSL OpenSSL inicializado correctamente [OpenSSL 1.1.1l  24 Aug 2021]
16-Oct-2021 09:48:51.748 INFO [main] org.apache.coyote.AbstractProtocol.init Inicializando el manejador de protocolo ["http-nio-8380"]

16-Oct-2021 09:48:51.795 INFO [main] org.apache.coyote.AbstractProtocol.init Inicializando el manejador de protocolo ["ajp-nio-0:0:0:0:0:0:0:1-8309"]

16-Oct-2021 09:48:51.803 INFO [main] org.apache.catalina.startup.Catalina.load Server initialization in [988] milliseconds
16-Oct-2021 09:48:51.893 INFO [main] org.apache.catalina.core.StandardService.startInternal Arrancando servicio [Catalina]
16-Oct-2021 09:48:51.893 INFO [main] org.apache.catalina.core.StandardEngine.startInternal Starting Servlet engine: [Apache Tomcat/10.0.12]
16-Oct-2021 09:48:51.909 INFO [main] org.apache.catalina.startup.HostConfig.deployDirectory Desplegando el directorio [C:\instance3\webapps\demoapp] de la aplicación web
16-Oct-2021 09:48:52.579 WARNING [main] org.apache.catalina.util.SessionIdGeneratorBase.createSecureRandom Creation of SecureRandom instance for session ID generation using [SHA1PRNG] took [223] milliseconds.
16-Oct-2021 09:48:52.597 INFO [main] org.apache.catalina.startup.HostConfig.deployDirectory Deployment of web application directory [C:\instance3\webapps\demoapp] has finished in [688] ms
16-Oct-2021 09:48:52.597 INFO [main] org.apache.catalina.startup.HostConfig.deployDirectory Desplegando el directorio [C:\instance3\webapps\docs] de la aplicación web
16-Oct-2021 09:48:52.664 INFO [main] org.apache.catalina.startup.HostConfig.deployDirectory Deployment of web application directory [C:\instance3\webapps\docs] has finished in [67] ms
16-Oct-2021 09:48:52.664 INFO [main] org.apache.catalina.startup.HostConfig.deployDirectory Desplegando el directorio [C:\instance3\webapps\examples] de la aplicación web
16-Oct-2021 09:48:53.772 INFO [main] org.apache.catalina.startup.HostConfig.deployDirectory Deployment of web application directory [C:\instance3\webapps\examples] has finished in [1.108] ms
16-Oct-2021 09:48:53.782 INFO [main] org.apache.catalina.startup.HostConfig.deployDirectory Desplegando el directorio [C:\instance3\webapps\host-manager] de la aplicación web
16-Oct-2021 09:48:53.863 INFO [main] org.apache.catalina.startup.HostConfig.deployDirectory Deployment of web application directory [C:\instance3\webapps\host-manager] has finished in [81] ms
16-Oct-2021 09:48:53.863 INFO [main] org.apache.catalina.startup.HostConfig.deployDirectory Desplegando el directorio [C:\instance3\webapps\manager] de la aplicación web
16-Oct-2021 09:48:53.944 INFO [main] org.apache.catalina.startup.HostConfig.deployDirectory Deployment of web application directory [C:\instance3\webapps\manager] has finished in [81] ms
16-Oct-2021 09:48:53.944 INFO [main] org.apache.catalina.startup.HostConfig.deployDirectory Desplegando el directorio [C:\instance3\webapps\ROOT] de la aplicación web
16-Oct-2021 09:48:53.994 INFO [main] org.apache.catalina.startup.HostConfig.deployDirectory Deployment of web application directory [C:\instance3\webapps\ROOT] has finished in [50] ms
16-Oct-2021 09:48:54.014 INFO [main] org.apache.coyote.AbstractProtocol.start Starting ProtocolHandler ["http-nio-8380"]
16-Oct-2021 09:48:54.379 SEVERE [main] org.apache.catalina.util.LifecycleBase.handleSubClassException Failed to start component [Connector[AJP/1.3-8309]]
	org.apache.catalina.LifecycleException: Falló el arranque del manejador de protocolo
		at org.apache.catalina.connector.Connector.startInternal(Connector.java:1081)
		at org.apache.catalina.util.LifecycleBase.start(LifecycleBase.java:183)
		at org.apache.catalina.core.StandardService.startInternal(StandardService.java:449)
		at org.apache.catalina.util.LifecycleBase.start(LifecycleBase.java:183)
		at org.apache.catalina.core.StandardServer.startInternal(StandardServer.java:927)
		at org.apache.catalina.util.LifecycleBase.start(LifecycleBase.java:183)
		at org.apache.catalina.startup.Catalina.start(Catalina.java:795)
		at java.base/jdk.internal.reflect.NativeMethodAccessorImpl.invoke0(Native Method)
		at java.base/jdk.internal.reflect.NativeMethodAccessorImpl.invoke(NativeMethodAccessorImpl.java:77)
		at java.base/jdk.internal.reflect.DelegatingMethodAccessorImpl.invoke(DelegatingMethodAccessorImpl.java:43)
		at java.base/java.lang.reflect.Method.invoke(Method.java:568)
		at org.apache.catalina.startup.Bootstrap.start(Bootstrap.java:345)
		at org.apache.catalina.startup.Bootstrap.main(Bootstrap.java:476)
	Caused by: java.lang.IllegalArgumentException: The AJP Connector is configured with secretRequired="true" but the secret attribute is either null or "". This combination is not valid.
		at org.apache.coyote.ajp.AbstractAjpProtocol.start(AbstractAjpProtocol.java:270)
		at org.apache.catalina.connector.Connector.startInternal(Connector.java:1078)
		... 12 more
16-Oct-2021 09:48:54.389 INFO [main] org.apache.catalina.startup.Catalina.start Server startup in [2580] milliseconds
