14-Oct-2021 11:31:57.403 INFO [main] org.apache.catalina.startup.VersionLoggerListener.log Nombre de la versión del servidor: Apache Tomcat/10.0.12
14-Oct-2021 11:31:57.411 INFO [main] org.apache.catalina.startup.VersionLoggerListener.log Server built:                      Sep 28 2021 13:34:21 UTC
14-Oct-2021 11:31:57.411 INFO [main] org.apache.catalina.startup.VersionLoggerListener.log Número de versión de servidor:     10.0.12.0
14-Oct-2021 11:31:57.412 INFO [main] org.apache.catalina.startup.VersionLoggerListener.log OS Name:                           Windows 10
14-Oct-2021 11:31:57.412 INFO [main] org.apache.catalina.startup.VersionLoggerListener.log Versión de Systema Operativo:      10.0
14-Oct-2021 11:31:57.413 INFO [main] org.apache.catalina.startup.VersionLoggerListener.log Arquitectura:                      amd64
14-Oct-2021 11:31:57.413 INFO [main] org.apache.catalina.startup.VersionLoggerListener.log Java Home:                         C:\Program Files\Java\jdk-17
14-Oct-2021 11:31:57.414 INFO [main] org.apache.catalina.startup.VersionLoggerListener.log JVM Version:                       17+35-LTS-2724
14-Oct-2021 11:31:57.414 INFO [main] org.apache.catalina.startup.VersionLoggerListener.log Vededor JVM:                       Oracle Corporation
14-Oct-2021 11:31:57.414 INFO [main] org.apache.catalina.startup.VersionLoggerListener.log CATALINA_BASE:                     C:\instance2
14-Oct-2021 11:31:57.415 INFO [main] org.apache.catalina.startup.VersionLoggerListener.log CATALINA_HOME:                     C:\tomcat10
14-Oct-2021 11:31:57.431 INFO [main] org.apache.catalina.startup.VersionLoggerListener.log Command line argument:             --add-opens=java.base/java.lang=ALL-UNNAMED
14-Oct-2021 11:31:57.434 INFO [main] org.apache.catalina.startup.VersionLoggerListener.log Command line argument:             --add-opens=java.base/java.io=ALL-UNNAMED
14-Oct-2021 11:31:57.435 INFO [main] org.apache.catalina.startup.VersionLoggerListener.log Command line argument:             --add-opens=java.base/java.util=ALL-UNNAMED
14-Oct-2021 11:31:57.436 INFO [main] org.apache.catalina.startup.VersionLoggerListener.log Command line argument:             --add-opens=java.base/java.util.concurrent=ALL-UNNAMED
14-Oct-2021 11:31:57.437 INFO [main] org.apache.catalina.startup.VersionLoggerListener.log Command line argument:             --add-opens=java.rmi/sun.rmi.transport=ALL-UNNAMED
14-Oct-2021 11:31:57.438 INFO [main] org.apache.catalina.startup.VersionLoggerListener.log Command line argument:             -Djava.util.logging.config.file=C:\instance2\conf\logging.properties
14-Oct-2021 11:31:57.439 INFO [main] org.apache.catalina.startup.VersionLoggerListener.log Command line argument:             -Djava.util.logging.manager=org.apache.juli.ClassLoaderLogManager
14-Oct-2021 11:31:57.442 INFO [main] org.apache.catalina.startup.VersionLoggerListener.log Command line argument:             -Djdk.tls.ephemeralDHKeySize=2048
14-Oct-2021 11:31:57.443 INFO [main] org.apache.catalina.startup.VersionLoggerListener.log Command line argument:             -Djava.protocol.handler.pkgs=org.apache.catalina.webresources
14-Oct-2021 11:31:57.444 INFO [main] org.apache.catalina.startup.VersionLoggerListener.log Command line argument:             -Dignore.endorsed.dirs=
14-Oct-2021 11:31:57.446 INFO [main] org.apache.catalina.startup.VersionLoggerListener.log Command line argument:             -Dcatalina.base=C:\instance2
14-Oct-2021 11:31:57.447 INFO [main] org.apache.catalina.startup.VersionLoggerListener.log Command line argument:             -Dcatalina.home=C:\tomcat10
14-Oct-2021 11:31:57.447 INFO [main] org.apache.catalina.startup.VersionLoggerListener.log Command line argument:             -Djava.io.tmpdir=C:\instance2\temp
14-Oct-2021 11:31:57.455 INFO [main] org.apache.catalina.core.AprLifecycleListener.lifecycleEvent Cargada la biblioteca nativa APR de Apache Tomcat [1.2.31] con la versión APR [1.7.0].
14-Oct-2021 11:31:57.455 INFO [main] org.apache.catalina.core.AprLifecycleListener.lifecycleEvent Capacidades APR: IPv6 [true], enviar fichero [true], aceptar filtros [false], aleatorio [true], UDS [true].
14-Oct-2021 11:31:57.464 INFO [main] org.apache.catalina.core.AprLifecycleListener.initializeSSL OpenSSL inicializado correctamente [OpenSSL 1.1.1l  24 Aug 2021]
14-Oct-2021 11:31:57.951 INFO [main] org.apache.coyote.AbstractProtocol.init Inicializando el manejador de protocolo ["http-nio-8280"]

14-Oct-2021 11:31:57.992 INFO [main] org.apache.coyote.AbstractProtocol.init Inicializando el manejador de protocolo ["ajp-nio-0:0:0:0:0:0:0:1-8209"]

14-Oct-2021 11:31:57.997 INFO [main] org.apache.catalina.startup.Catalina.load Server initialization in [967] milliseconds
14-Oct-2021 11:31:58.078 INFO [main] org.apache.catalina.core.StandardService.startInternal Arrancando servicio [Catalina]
14-Oct-2021 11:31:58.079 INFO [main] org.apache.catalina.core.StandardEngine.startInternal Starting Servlet engine: [Apache Tomcat/10.0.12]
14-Oct-2021 11:31:58.100 INFO [main] org.apache.catalina.startup.HostConfig.deployDirectory Desplegando el directorio [C:\instance2\webapps\demoapp] de la aplicación web
14-Oct-2021 11:31:58.802 WARNING [main] org.apache.catalina.util.SessionIdGeneratorBase.createSecureRandom Creation of SecureRandom instance for session ID generation using [SHA1PRNG] took [232] milliseconds.
14-Oct-2021 11:31:58.832 INFO [main] org.apache.catalina.startup.HostConfig.deployDirectory Deployment of web application directory [C:\instance2\webapps\demoapp] has finished in [733] ms
14-Oct-2021 11:31:58.833 INFO [main] org.apache.catalina.startup.HostConfig.deployDirectory Desplegando el directorio [C:\instance2\webapps\docs] de la aplicación web
14-Oct-2021 11:31:58.888 INFO [main] org.apache.catalina.startup.HostConfig.deployDirectory Deployment of web application directory [C:\instance2\webapps\docs] has finished in [55] ms
14-Oct-2021 11:31:58.891 INFO [main] org.apache.catalina.startup.HostConfig.deployDirectory Desplegando el directorio [C:\instance2\webapps\examples] de la aplicación web
14-Oct-2021 11:31:59.965 INFO [main] org.apache.catalina.startup.HostConfig.deployDirectory Deployment of web application directory [C:\instance2\webapps\examples] has finished in [1.074] ms
14-Oct-2021 11:31:59.968 INFO [main] org.apache.catalina.startup.HostConfig.deployDirectory Desplegando el directorio [C:\instance2\webapps\host-manager] de la aplicación web
14-Oct-2021 11:32:00.063 INFO [main] org.apache.catalina.startup.HostConfig.deployDirectory Deployment of web application directory [C:\instance2\webapps\host-manager] has finished in [95] ms
14-Oct-2021 11:32:00.064 INFO [main] org.apache.catalina.startup.HostConfig.deployDirectory Desplegando el directorio [C:\instance2\webapps\manager] de la aplicación web
14-Oct-2021 11:32:00.151 INFO [main] org.apache.catalina.startup.HostConfig.deployDirectory Deployment of web application directory [C:\instance2\webapps\manager] has finished in [87] ms
14-Oct-2021 11:32:00.154 INFO [main] org.apache.catalina.startup.HostConfig.deployDirectory Desplegando el directorio [C:\instance2\webapps\ROOT] de la aplicación web
14-Oct-2021 11:32:00.211 INFO [main] org.apache.catalina.startup.HostConfig.deployDirectory Deployment of web application directory [C:\instance2\webapps\ROOT] has finished in [56] ms
14-Oct-2021 11:32:00.227 INFO [main] org.apache.coyote.AbstractProtocol.start Starting ProtocolHandler ["http-nio-8280"]
14-Oct-2021 11:32:00.556 SEVERE [main] org.apache.catalina.util.LifecycleBase.handleSubClassException Failed to start component [Connector[AJP/1.3-8209]]
	org.apache.catalina.LifecycleException: Falló el arranque del manejador de protocolo
		at org.apache.catalina.connector.Connector.startInternal(Connector.java:1081)
		at org.apache.catalina.util.LifecycleBase.start(LifecycleBase.java:183)
		at org.apache.catalina.core.StandardService.startInternal(StandardService.java:449)
		at org.apache.catalina.util.LifecycleBase.start(LifecycleBase.java:183)
		at org.apache.catalina.core.StandardServer.startInternal(StandardServer.java:927)
		at org.apache.catalina.util.LifecycleBase.start(LifecycleBase.java:183)
		at org.apache.catalina.startup.Catalina.start(Catalina.java:795)
		at java.base/jdk.internal.reflect.NativeMethodAccessorImpl.invoke0(Native Method)
		at java.base/jdk.internal.reflect.NativeMethodAccessorImpl.invoke(NativeMethodAccessorImpl.java:77)
		at java.base/jdk.internal.reflect.DelegatingMethodAccessorImpl.invoke(DelegatingMethodAccessorImpl.java:43)
		at java.base/java.lang.reflect.Method.invoke(Method.java:568)
		at org.apache.catalina.startup.Bootstrap.start(Bootstrap.java:345)
		at org.apache.catalina.startup.Bootstrap.main(Bootstrap.java:476)
	Caused by: java.lang.IllegalArgumentException: The AJP Connector is configured with secretRequired="true" but the secret attribute is either null or "". This combination is not valid.
		at org.apache.coyote.ajp.AbstractAjpProtocol.start(AbstractAjpProtocol.java:270)
		at org.apache.catalina.connector.Connector.startInternal(Connector.java:1078)
		... 12 more
14-Oct-2021 11:32:00.559 INFO [main] org.apache.catalina.startup.Catalina.start Server startup in [2559] milliseconds
