16-Oct-2021 09:16:02.627 INFO [main] org.apache.catalina.startup.VersionLoggerListener.log Nombre de la versión del servidor: Apache Tomcat/10.0.12
16-Oct-2021 09:16:02.636 INFO [main] org.apache.catalina.startup.VersionLoggerListener.log Server built:                      Sep 28 2021 13:34:21 UTC
16-Oct-2021 09:16:02.636 INFO [main] org.apache.catalina.startup.VersionLoggerListener.log Número de versión de servidor:     10.0.12.0
16-Oct-2021 09:16:02.637 INFO [main] org.apache.catalina.startup.VersionLoggerListener.log OS Name:                           Windows 10
16-Oct-2021 09:16:02.645 INFO [main] org.apache.catalina.startup.VersionLoggerListener.log Versión de Systema Operativo:      10.0
16-Oct-2021 09:16:02.646 INFO [main] org.apache.catalina.startup.VersionLoggerListener.log Arquitectura:                      amd64
16-Oct-2021 09:16:02.648 INFO [main] org.apache.catalina.startup.VersionLoggerListener.log Java Home:                         C:\Program Files\Java\jdk-17
16-Oct-2021 09:16:02.648 INFO [main] org.apache.catalina.startup.VersionLoggerListener.log JVM Version:                       17+35-LTS-2724
16-Oct-2021 09:16:02.648 INFO [main] org.apache.catalina.startup.VersionLoggerListener.log Vededor JVM:                       Oracle Corporation
16-Oct-2021 09:16:02.649 INFO [main] org.apache.catalina.startup.VersionLoggerListener.log CATALINA_BASE:                     C:\instance2
16-Oct-2021 09:16:02.649 INFO [main] org.apache.catalina.startup.VersionLoggerListener.log CATALINA_HOME:                     C:\tomcat10
16-Oct-2021 09:16:02.658 INFO [main] org.apache.catalina.startup.VersionLoggerListener.log Command line argument:             --add-opens=java.base/java.lang=ALL-UNNAMED
16-Oct-2021 09:16:02.658 INFO [main] org.apache.catalina.startup.VersionLoggerListener.log Command line argument:             --add-opens=java.base/java.io=ALL-UNNAMED
16-Oct-2021 09:16:02.659 INFO [main] org.apache.catalina.startup.VersionLoggerListener.log Command line argument:             --add-opens=java.base/java.util=ALL-UNNAMED
16-Oct-2021 09:16:02.660 INFO [main] org.apache.catalina.startup.VersionLoggerListener.log Command line argument:             --add-opens=java.base/java.util.concurrent=ALL-UNNAMED
16-Oct-2021 09:16:02.661 INFO [main] org.apache.catalina.startup.VersionLoggerListener.log Command line argument:             --add-opens=java.rmi/sun.rmi.transport=ALL-UNNAMED
16-Oct-2021 09:16:02.662 INFO [main] org.apache.catalina.startup.VersionLoggerListener.log Command line argument:             -Djava.util.logging.config.file=C:\instance2\conf\logging.properties
16-Oct-2021 09:16:02.665 INFO [main] org.apache.catalina.startup.VersionLoggerListener.log Command line argument:             -Djava.util.logging.manager=org.apache.juli.ClassLoaderLogManager
16-Oct-2021 09:16:02.667 INFO [main] org.apache.catalina.startup.VersionLoggerListener.log Command line argument:             -Djdk.tls.ephemeralDHKeySize=2048
16-Oct-2021 09:16:02.669 INFO [main] org.apache.catalina.startup.VersionLoggerListener.log Command line argument:             -Djava.protocol.handler.pkgs=org.apache.catalina.webresources
16-Oct-2021 09:16:02.669 INFO [main] org.apache.catalina.startup.VersionLoggerListener.log Command line argument:             -Dignore.endorsed.dirs=
16-Oct-2021 09:16:02.670 INFO [main] org.apache.catalina.startup.VersionLoggerListener.log Command line argument:             -Dcatalina.base=C:\instance2
16-Oct-2021 09:16:02.672 INFO [main] org.apache.catalina.startup.VersionLoggerListener.log Command line argument:             -Dcatalina.home=C:\tomcat10
16-Oct-2021 09:16:02.672 INFO [main] org.apache.catalina.startup.VersionLoggerListener.log Command line argument:             -Djava.io.tmpdir=C:\instance2\temp
16-Oct-2021 09:16:02.680 INFO [main] org.apache.catalina.core.AprLifecycleListener.lifecycleEvent Cargada la biblioteca nativa APR de Apache Tomcat [1.2.31] con la versión APR [1.7.0].
16-Oct-2021 09:16:02.681 INFO [main] org.apache.catalina.core.AprLifecycleListener.lifecycleEvent Capacidades APR: IPv6 [true], enviar fichero [true], aceptar filtros [false], aleatorio [true], UDS [true].
16-Oct-2021 09:16:02.690 INFO [main] org.apache.catalina.core.AprLifecycleListener.initializeSSL OpenSSL inicializado correctamente [OpenSSL 1.1.1l  24 Aug 2021]
16-Oct-2021 09:16:03.055 INFO [main] org.apache.coyote.AbstractProtocol.init Inicializando el manejador de protocolo ["http-nio-8280"]

16-Oct-2021 09:16:03.090 INFO [main] org.apache.coyote.AbstractProtocol.init Inicializando el manejador de protocolo ["ajp-nio-0:0:0:0:0:0:0:1-8209"]

16-Oct-2021 09:16:03.093 INFO [main] org.apache.catalina.startup.Catalina.load Server initialization in [790] milliseconds
16-Oct-2021 09:16:03.163 INFO [main] org.apache.catalina.core.StandardService.startInternal Arrancando servicio [Catalina]
16-Oct-2021 09:16:03.164 INFO [main] org.apache.catalina.core.StandardEngine.startInternal Starting Servlet engine: [Apache Tomcat/10.0.12]
16-Oct-2021 09:16:03.176 INFO [main] org.apache.catalina.startup.HostConfig.deployDirectory Desplegando el directorio [C:\instance2\webapps\demoapp] de la aplicación web
16-Oct-2021 09:16:03.692 WARNING [main] org.apache.catalina.util.SessionIdGeneratorBase.createSecureRandom Creation of SecureRandom instance for session ID generation using [SHA1PRNG] took [183] milliseconds.
16-Oct-2021 09:16:03.716 INFO [main] org.apache.catalina.startup.HostConfig.deployDirectory Deployment of web application directory [C:\instance2\webapps\demoapp] has finished in [539] ms
16-Oct-2021 09:16:03.716 INFO [main] org.apache.catalina.startup.HostConfig.deployDirectory Desplegando el directorio [C:\instance2\webapps\docs] de la aplicación web
16-Oct-2021 09:16:03.760 INFO [main] org.apache.catalina.startup.HostConfig.deployDirectory Deployment of web application directory [C:\instance2\webapps\docs] has finished in [43] ms
16-Oct-2021 09:16:03.761 INFO [main] org.apache.catalina.startup.HostConfig.deployDirectory Desplegando el directorio [C:\instance2\webapps\examples] de la aplicación web
16-Oct-2021 09:16:04.586 INFO [main] org.apache.catalina.startup.HostConfig.deployDirectory Deployment of web application directory [C:\instance2\webapps\examples] has finished in [825] ms
16-Oct-2021 09:16:04.588 INFO [main] org.apache.catalina.startup.HostConfig.deployDirectory Desplegando el directorio [C:\instance2\webapps\host-manager] de la aplicación web
16-Oct-2021 09:16:04.668 INFO [main] org.apache.catalina.startup.HostConfig.deployDirectory Deployment of web application directory [C:\instance2\webapps\host-manager] has finished in [79] ms
16-Oct-2021 09:16:04.670 INFO [main] org.apache.catalina.startup.HostConfig.deployDirectory Desplegando el directorio [C:\instance2\webapps\manager] de la aplicación web
16-Oct-2021 09:16:04.749 INFO [main] org.apache.catalina.startup.HostConfig.deployDirectory Deployment of web application directory [C:\instance2\webapps\manager] has finished in [78] ms
16-Oct-2021 09:16:04.750 INFO [main] org.apache.catalina.startup.HostConfig.deployDirectory Desplegando el directorio [C:\instance2\webapps\ROOT] de la aplicación web
16-Oct-2021 09:16:04.797 INFO [main] org.apache.catalina.startup.HostConfig.deployDirectory Deployment of web application directory [C:\instance2\webapps\ROOT] has finished in [47] ms
16-Oct-2021 09:16:04.810 INFO [main] org.apache.coyote.AbstractProtocol.start Starting ProtocolHandler ["http-nio-8280"]
16-Oct-2021 09:16:05.049 SEVERE [main] org.apache.catalina.util.LifecycleBase.handleSubClassException Failed to start component [Connector[AJP/1.3-8209]]
	org.apache.catalina.LifecycleException: Falló el arranque del manejador de protocolo
		at org.apache.catalina.connector.Connector.startInternal(Connector.java:1081)
		at org.apache.catalina.util.LifecycleBase.start(LifecycleBase.java:183)
		at org.apache.catalina.core.StandardService.startInternal(StandardService.java:449)
		at org.apache.catalina.util.LifecycleBase.start(LifecycleBase.java:183)
		at org.apache.catalina.core.StandardServer.startInternal(StandardServer.java:927)
		at org.apache.catalina.util.LifecycleBase.start(LifecycleBase.java:183)
		at org.apache.catalina.startup.Catalina.start(Catalina.java:795)
		at java.base/jdk.internal.reflect.NativeMethodAccessorImpl.invoke0(Native Method)
		at java.base/jdk.internal.reflect.NativeMethodAccessorImpl.invoke(NativeMethodAccessorImpl.java:77)
		at java.base/jdk.internal.reflect.DelegatingMethodAccessorImpl.invoke(DelegatingMethodAccessorImpl.java:43)
		at java.base/java.lang.reflect.Method.invoke(Method.java:568)
		at org.apache.catalina.startup.Bootstrap.start(Bootstrap.java:345)
		at org.apache.catalina.startup.Bootstrap.main(Bootstrap.java:476)
	Caused by: java.lang.IllegalArgumentException: The AJP Connector is configured with secretRequired="true" but the secret attribute is either null or "". This combination is not valid.
		at org.apache.coyote.ajp.AbstractAjpProtocol.start(AbstractAjpProtocol.java:270)
		at org.apache.catalina.connector.Connector.startInternal(Connector.java:1078)
		... 12 more
16-Oct-2021 09:16:05.051 INFO [main] org.apache.catalina.startup.Catalina.start Server startup in [1957] milliseconds
16-Oct-2021 09:33:30.456 INFO [main] org.apache.catalina.startup.VersionLoggerListener.log Nombre de la versión del servidor: Apache Tomcat/10.0.12
16-Oct-2021 09:33:30.462 INFO [main] org.apache.catalina.startup.VersionLoggerListener.log Server built:                      Sep 28 2021 13:34:21 UTC
16-Oct-2021 09:33:30.462 INFO [main] org.apache.catalina.startup.VersionLoggerListener.log Número de versión de servidor:     10.0.12.0
16-Oct-2021 09:33:30.462 INFO [main] org.apache.catalina.startup.VersionLoggerListener.log OS Name:                           Windows 10
16-Oct-2021 09:33:30.463 INFO [main] org.apache.catalina.startup.VersionLoggerListener.log Versión de Systema Operativo:      10.0
16-Oct-2021 09:33:30.463 INFO [main] org.apache.catalina.startup.VersionLoggerListener.log Arquitectura:                      amd64
16-Oct-2021 09:33:30.463 INFO [main] org.apache.catalina.startup.VersionLoggerListener.log Java Home:                         C:\Program Files\Java\jdk-17
16-Oct-2021 09:33:30.464 INFO [main] org.apache.catalina.startup.VersionLoggerListener.log JVM Version:                       17+35-LTS-2724
16-Oct-2021 09:33:30.464 INFO [main] org.apache.catalina.startup.VersionLoggerListener.log Vededor JVM:                       Oracle Corporation
16-Oct-2021 09:33:30.464 INFO [main] org.apache.catalina.startup.VersionLoggerListener.log CATALINA_BASE:                     C:\instance2
16-Oct-2021 09:33:30.465 INFO [main] org.apache.catalina.startup.VersionLoggerListener.log CATALINA_HOME:                     C:\tomcat10
16-Oct-2021 09:33:30.480 INFO [main] org.apache.catalina.startup.VersionLoggerListener.log Command line argument:             --add-opens=java.base/java.lang=ALL-UNNAMED
16-Oct-2021 09:33:30.480 INFO [main] org.apache.catalina.startup.VersionLoggerListener.log Command line argument:             --add-opens=java.base/java.io=ALL-UNNAMED
16-Oct-2021 09:33:30.481 INFO [main] org.apache.catalina.startup.VersionLoggerListener.log Command line argument:             --add-opens=java.base/java.util=ALL-UNNAMED
16-Oct-2021 09:33:30.481 INFO [main] org.apache.catalina.startup.VersionLoggerListener.log Command line argument:             --add-opens=java.base/java.util.concurrent=ALL-UNNAMED
16-Oct-2021 09:33:30.482 INFO [main] org.apache.catalina.startup.VersionLoggerListener.log Command line argument:             --add-opens=java.rmi/sun.rmi.transport=ALL-UNNAMED
16-Oct-2021 09:33:30.483 INFO [main] org.apache.catalina.startup.VersionLoggerListener.log Command line argument:             -Djava.util.logging.config.file=C:\instance2\conf\logging.properties
16-Oct-2021 09:33:30.484 INFO [main] org.apache.catalina.startup.VersionLoggerListener.log Command line argument:             -Djava.util.logging.manager=org.apache.juli.ClassLoaderLogManager
16-Oct-2021 09:33:30.484 INFO [main] org.apache.catalina.startup.VersionLoggerListener.log Command line argument:             -Djdk.tls.ephemeralDHKeySize=2048
16-Oct-2021 09:33:30.486 INFO [main] org.apache.catalina.startup.VersionLoggerListener.log Command line argument:             -Djava.protocol.handler.pkgs=org.apache.catalina.webresources
16-Oct-2021 09:33:30.486 INFO [main] org.apache.catalina.startup.VersionLoggerListener.log Command line argument:             -Dignore.endorsed.dirs=
16-Oct-2021 09:33:30.487 INFO [main] org.apache.catalina.startup.VersionLoggerListener.log Command line argument:             -Dcatalina.base=C:\instance2
16-Oct-2021 09:33:30.487 INFO [main] org.apache.catalina.startup.VersionLoggerListener.log Command line argument:             -Dcatalina.home=C:\tomcat10
16-Oct-2021 09:33:30.488 INFO [main] org.apache.catalina.startup.VersionLoggerListener.log Command line argument:             -Djava.io.tmpdir=C:\instance2\temp
16-Oct-2021 09:33:30.493 INFO [main] org.apache.catalina.core.AprLifecycleListener.lifecycleEvent Cargada la biblioteca nativa APR de Apache Tomcat [1.2.31] con la versión APR [1.7.0].
16-Oct-2021 09:33:30.495 INFO [main] org.apache.catalina.core.AprLifecycleListener.lifecycleEvent Capacidades APR: IPv6 [true], enviar fichero [true], aceptar filtros [false], aleatorio [true], UDS [true].
16-Oct-2021 09:33:30.501 INFO [main] org.apache.catalina.core.AprLifecycleListener.initializeSSL OpenSSL inicializado correctamente [OpenSSL 1.1.1l  24 Aug 2021]
16-Oct-2021 09:33:31.007 INFO [main] org.apache.coyote.AbstractProtocol.init Inicializando el manejador de protocolo ["http-nio-8280"]

16-Oct-2021 09:33:31.051 INFO [main] org.apache.coyote.AbstractProtocol.init Inicializando el manejador de protocolo ["ajp-nio-0:0:0:0:0:0:0:1-8209"]

16-Oct-2021 09:33:31.054 INFO [main] org.apache.catalina.startup.Catalina.load Server initialization in [963] milliseconds
16-Oct-2021 09:33:31.155 INFO [main] org.apache.catalina.core.StandardService.startInternal Arrancando servicio [Catalina]
16-Oct-2021 09:33:31.158 INFO [main] org.apache.catalina.core.StandardEngine.startInternal Starting Servlet engine: [Apache Tomcat/10.0.12]
16-Oct-2021 09:33:31.178 INFO [main] org.apache.catalina.startup.HostConfig.deployDirectory Desplegando el directorio [C:\instance2\webapps\demoapp] de la aplicación web
16-Oct-2021 09:33:31.819 WARNING [main] org.apache.catalina.util.SessionIdGeneratorBase.createSecureRandom Creation of SecureRandom instance for session ID generation using [SHA1PRNG] took [192] milliseconds.
16-Oct-2021 09:33:31.846 INFO [main] org.apache.catalina.startup.HostConfig.deployDirectory Deployment of web application directory [C:\instance2\webapps\demoapp] has finished in [668] ms
16-Oct-2021 09:33:31.847 INFO [main] org.apache.catalina.startup.HostConfig.deployDirectory Desplegando el directorio [C:\instance2\webapps\docs] de la aplicación web
16-Oct-2021 09:33:31.904 INFO [main] org.apache.catalina.startup.HostConfig.deployDirectory Deployment of web application directory [C:\instance2\webapps\docs] has finished in [56] ms
16-Oct-2021 09:33:31.906 INFO [main] org.apache.catalina.startup.HostConfig.deployDirectory Desplegando el directorio [C:\instance2\webapps\examples] de la aplicación web
16-Oct-2021 09:33:33.070 INFO [main] org.apache.catalina.startup.HostConfig.deployDirectory Deployment of web application directory [C:\instance2\webapps\examples] has finished in [1.164] ms
16-Oct-2021 09:33:33.072 INFO [main] org.apache.catalina.startup.HostConfig.deployDirectory Desplegando el directorio [C:\instance2\webapps\host-manager] de la aplicación web
16-Oct-2021 09:33:33.203 INFO [main] org.apache.catalina.startup.HostConfig.deployDirectory Deployment of web application directory [C:\instance2\webapps\host-manager] has finished in [131] ms
16-Oct-2021 09:33:33.207 INFO [main] org.apache.catalina.startup.HostConfig.deployDirectory Desplegando el directorio [C:\instance2\webapps\manager] de la aplicación web
16-Oct-2021 09:33:33.399 INFO [main] org.apache.catalina.startup.HostConfig.deployDirectory Deployment of web application directory [C:\instance2\webapps\manager] has finished in [192] ms
16-Oct-2021 09:33:33.406 INFO [main] org.apache.catalina.startup.HostConfig.deployDirectory Desplegando el directorio [C:\instance2\webapps\ROOT] de la aplicación web
16-Oct-2021 09:33:33.600 INFO [main] org.apache.catalina.startup.HostConfig.deployDirectory Deployment of web application directory [C:\instance2\webapps\ROOT] has finished in [195] ms
16-Oct-2021 09:33:33.647 INFO [main] org.apache.coyote.AbstractProtocol.start Starting ProtocolHandler ["http-nio-8280"]
16-Oct-2021 09:33:33.978 SEVERE [main] org.apache.catalina.util.LifecycleBase.handleSubClassException Failed to start component [Connector[AJP/1.3-8209]]
	org.apache.catalina.LifecycleException: Falló el arranque del manejador de protocolo
		at org.apache.catalina.connector.Connector.startInternal(Connector.java:1081)
		at org.apache.catalina.util.LifecycleBase.start(LifecycleBase.java:183)
		at org.apache.catalina.core.StandardService.startInternal(StandardService.java:449)
		at org.apache.catalina.util.LifecycleBase.start(LifecycleBase.java:183)
		at org.apache.catalina.core.StandardServer.startInternal(StandardServer.java:927)
		at org.apache.catalina.util.LifecycleBase.start(LifecycleBase.java:183)
		at org.apache.catalina.startup.Catalina.start(Catalina.java:795)
		at java.base/jdk.internal.reflect.NativeMethodAccessorImpl.invoke0(Native Method)
		at java.base/jdk.internal.reflect.NativeMethodAccessorImpl.invoke(NativeMethodAccessorImpl.java:77)
		at java.base/jdk.internal.reflect.DelegatingMethodAccessorImpl.invoke(DelegatingMethodAccessorImpl.java:43)
		at java.base/java.lang.reflect.Method.invoke(Method.java:568)
		at org.apache.catalina.startup.Bootstrap.start(Bootstrap.java:345)
		at org.apache.catalina.startup.Bootstrap.main(Bootstrap.java:476)
	Caused by: java.lang.IllegalArgumentException: The AJP Connector is configured with secretRequired="true" but the secret attribute is either null or "". This combination is not valid.
		at org.apache.coyote.ajp.AbstractAjpProtocol.start(AbstractAjpProtocol.java:270)
		at org.apache.catalina.connector.Connector.startInternal(Connector.java:1078)
		... 12 more
16-Oct-2021 09:33:33.981 INFO [main] org.apache.catalina.startup.Catalina.start Server startup in [2923] milliseconds
16-Oct-2021 09:34:14.526 INFO [http-nio-8280-exec-1] org.apache.coyote.AbstractProcessor.parseHost El host [tomcat_servers] no es válido

 Nota: futuras ocurrencias de la solicitud the parseo de errores será logueada con nivel DEBUG.
	java.lang.IllegalArgumentException: The character [_] is never valid in a domain name.
		at org.apache.tomcat.util.http.parser.HttpParser$DomainParseState.next(HttpParser.java:974)
		at org.apache.tomcat.util.http.parser.HttpParser.readHostDomainName(HttpParser.java:870)
		at org.apache.tomcat.util.http.parser.Host.parse(Host.java:71)
		at org.apache.tomcat.util.http.parser.Host.parse(Host.java:45)
		at org.apache.coyote.AbstractProcessor.parseHost(AbstractProcessor.java:298)
		at org.apache.coyote.http11.Http11Processor.prepareRequest(Http11Processor.java:807)
		at org.apache.coyote.http11.Http11Processor.service(Http11Processor.java:358)
		at org.apache.coyote.AbstractProcessorLight.process(AbstractProcessorLight.java:65)
		at org.apache.coyote.AbstractProtocol$ConnectionHandler.process(AbstractProtocol.java:872)
		at org.apache.tomcat.util.net.NioEndpoint$SocketProcessor.doRun(NioEndpoint.java:1695)
		at org.apache.tomcat.util.net.SocketProcessorBase.run(SocketProcessorBase.java:49)
		at org.apache.tomcat.util.threads.ThreadPoolExecutor.runWorker(ThreadPoolExecutor.java:1191)
		at org.apache.tomcat.util.threads.ThreadPoolExecutor$Worker.run(ThreadPoolExecutor.java:659)
		at org.apache.tomcat.util.threads.TaskThread$WrappingRunnable.run(TaskThread.java:61)
		at java.base/java.lang.Thread.run(Thread.java:833)
16-Oct-2021 09:38:10.005 INFO [main] org.apache.catalina.startup.VersionLoggerListener.log Nombre de la versión del servidor: Apache Tomcat/10.0.12
16-Oct-2021 09:38:10.017 INFO [main] org.apache.catalina.startup.VersionLoggerListener.log Server built:                      Sep 28 2021 13:34:21 UTC
16-Oct-2021 09:38:10.030 INFO [main] org.apache.catalina.startup.VersionLoggerListener.log Número de versión de servidor:     10.0.12.0
16-Oct-2021 09:38:10.037 INFO [main] org.apache.catalina.startup.VersionLoggerListener.log OS Name:                           Windows 10
16-Oct-2021 09:38:10.037 INFO [main] org.apache.catalina.startup.VersionLoggerListener.log Versión de Systema Operativo:      10.0
16-Oct-2021 09:38:10.038 INFO [main] org.apache.catalina.startup.VersionLoggerListener.log Arquitectura:                      amd64
16-Oct-2021 09:38:10.039 INFO [main] org.apache.catalina.startup.VersionLoggerListener.log Java Home:                         C:\Program Files\Java\jdk-17
16-Oct-2021 09:38:10.044 INFO [main] org.apache.catalina.startup.VersionLoggerListener.log JVM Version:                       17+35-LTS-2724
16-Oct-2021 09:38:10.046 INFO [main] org.apache.catalina.startup.VersionLoggerListener.log Vededor JVM:                       Oracle Corporation
16-Oct-2021 09:38:10.046 INFO [main] org.apache.catalina.startup.VersionLoggerListener.log CATALINA_BASE:                     C:\instance2
16-Oct-2021 09:38:10.048 INFO [main] org.apache.catalina.startup.VersionLoggerListener.log CATALINA_HOME:                     C:\tomcat10
16-Oct-2021 09:38:10.050 INFO [main] org.apache.catalina.startup.VersionLoggerListener.log Command line argument:             --add-opens=java.base/java.lang=ALL-UNNAMED
16-Oct-2021 09:38:10.050 INFO [main] org.apache.catalina.startup.VersionLoggerListener.log Command line argument:             --add-opens=java.base/java.io=ALL-UNNAMED
16-Oct-2021 09:38:10.053 INFO [main] org.apache.catalina.startup.VersionLoggerListener.log Command line argument:             --add-opens=java.base/java.util=ALL-UNNAMED
16-Oct-2021 09:38:10.054 INFO [main] org.apache.catalina.startup.VersionLoggerListener.log Command line argument:             --add-opens=java.base/java.util.concurrent=ALL-UNNAMED
16-Oct-2021 09:38:10.055 INFO [main] org.apache.catalina.startup.VersionLoggerListener.log Command line argument:             --add-opens=java.rmi/sun.rmi.transport=ALL-UNNAMED
16-Oct-2021 09:38:10.056 INFO [main] org.apache.catalina.startup.VersionLoggerListener.log Command line argument:             -Djava.util.logging.config.file=C:\instance2\conf\logging.properties
16-Oct-2021 09:38:10.057 INFO [main] org.apache.catalina.startup.VersionLoggerListener.log Command line argument:             -Djava.util.logging.manager=org.apache.juli.ClassLoaderLogManager
16-Oct-2021 09:38:10.057 INFO [main] org.apache.catalina.startup.VersionLoggerListener.log Command line argument:             -Djdk.tls.ephemeralDHKeySize=2048
16-Oct-2021 09:38:10.058 INFO [main] org.apache.catalina.startup.VersionLoggerListener.log Command line argument:             -Djava.protocol.handler.pkgs=org.apache.catalina.webresources
16-Oct-2021 09:38:10.059 INFO [main] org.apache.catalina.startup.VersionLoggerListener.log Command line argument:             -Dignore.endorsed.dirs=
16-Oct-2021 09:38:10.059 INFO [main] org.apache.catalina.startup.VersionLoggerListener.log Command line argument:             -Dcatalina.base=C:\instance2
16-Oct-2021 09:38:10.060 INFO [main] org.apache.catalina.startup.VersionLoggerListener.log Command line argument:             -Dcatalina.home=C:\tomcat10
16-Oct-2021 09:38:10.061 INFO [main] org.apache.catalina.startup.VersionLoggerListener.log Command line argument:             -Djava.io.tmpdir=C:\instance2\temp
16-Oct-2021 09:38:10.069 INFO [main] org.apache.catalina.core.AprLifecycleListener.lifecycleEvent Cargada la biblioteca nativa APR de Apache Tomcat [1.2.31] con la versión APR [1.7.0].
16-Oct-2021 09:38:10.070 INFO [main] org.apache.catalina.core.AprLifecycleListener.lifecycleEvent Capacidades APR: IPv6 [true], enviar fichero [true], aceptar filtros [false], aleatorio [true], UDS [true].
16-Oct-2021 09:38:10.080 INFO [main] org.apache.catalina.core.AprLifecycleListener.initializeSSL OpenSSL inicializado correctamente [OpenSSL 1.1.1l  24 Aug 2021]
16-Oct-2021 09:38:10.667 INFO [main] org.apache.coyote.AbstractProtocol.init Inicializando el manejador de protocolo ["http-nio-8280"]

16-Oct-2021 09:38:10.719 INFO [main] org.apache.coyote.AbstractProtocol.init Inicializando el manejador de protocolo ["ajp-nio-0:0:0:0:0:0:0:1-8209"]

16-Oct-2021 09:38:10.724 INFO [main] org.apache.catalina.startup.Catalina.load Server initialization in [1168] milliseconds
16-Oct-2021 09:38:10.815 INFO [main] org.apache.catalina.core.StandardService.startInternal Arrancando servicio [Catalina]
16-Oct-2021 09:38:10.816 INFO [main] org.apache.catalina.core.StandardEngine.startInternal Starting Servlet engine: [Apache Tomcat/10.0.12]
16-Oct-2021 09:38:10.835 INFO [main] org.apache.catalina.startup.HostConfig.deployDirectory Desplegando el directorio [C:\instance2\webapps\demoapp] de la aplicación web
16-Oct-2021 09:38:11.508 WARNING [main] org.apache.catalina.util.SessionIdGeneratorBase.createSecureRandom Creation of SecureRandom instance for session ID generation using [SHA1PRNG] took [209] milliseconds.
16-Oct-2021 09:38:11.536 INFO [main] org.apache.catalina.startup.HostConfig.deployDirectory Deployment of web application directory [C:\instance2\webapps\demoapp] has finished in [701] ms
16-Oct-2021 09:38:11.536 INFO [main] org.apache.catalina.startup.HostConfig.deployDirectory Desplegando el directorio [C:\instance2\webapps\docs] de la aplicación web
16-Oct-2021 09:38:11.589 INFO [main] org.apache.catalina.startup.HostConfig.deployDirectory Deployment of web application directory [C:\instance2\webapps\docs] has finished in [52] ms
16-Oct-2021 09:38:11.590 INFO [main] org.apache.catalina.startup.HostConfig.deployDirectory Desplegando el directorio [C:\instance2\webapps\examples] de la aplicación web
16-Oct-2021 09:38:12.369 INFO [main] org.apache.catalina.startup.HostConfig.deployDirectory Deployment of web application directory [C:\instance2\webapps\examples] has finished in [780] ms
16-Oct-2021 09:38:12.370 INFO [main] org.apache.catalina.startup.HostConfig.deployDirectory Desplegando el directorio [C:\instance2\webapps\host-manager] de la aplicación web
16-Oct-2021 09:38:12.466 INFO [main] org.apache.catalina.startup.HostConfig.deployDirectory Deployment of web application directory [C:\instance2\webapps\host-manager] has finished in [95] ms
16-Oct-2021 09:38:12.467 INFO [main] org.apache.catalina.startup.HostConfig.deployDirectory Desplegando el directorio [C:\instance2\webapps\manager] de la aplicación web
16-Oct-2021 09:38:12.577 INFO [main] org.apache.catalina.startup.HostConfig.deployDirectory Deployment of web application directory [C:\instance2\webapps\manager] has finished in [110] ms
16-Oct-2021 09:38:12.578 INFO [main] org.apache.catalina.startup.HostConfig.deployDirectory Desplegando el directorio [C:\instance2\webapps\ROOT] de la aplicación web
16-Oct-2021 09:38:12.645 INFO [main] org.apache.catalina.startup.HostConfig.deployDirectory Deployment of web application directory [C:\instance2\webapps\ROOT] has finished in [66] ms
16-Oct-2021 09:38:12.660 INFO [main] org.apache.coyote.AbstractProtocol.start Starting ProtocolHandler ["http-nio-8280"]
16-Oct-2021 09:38:12.938 SEVERE [main] org.apache.catalina.util.LifecycleBase.handleSubClassException Failed to start component [Connector[AJP/1.3-8209]]
	org.apache.catalina.LifecycleException: Falló el arranque del manejador de protocolo
		at org.apache.catalina.connector.Connector.startInternal(Connector.java:1081)
		at org.apache.catalina.util.LifecycleBase.start(LifecycleBase.java:183)
		at org.apache.catalina.core.StandardService.startInternal(StandardService.java:449)
		at org.apache.catalina.util.LifecycleBase.start(LifecycleBase.java:183)
		at org.apache.catalina.core.StandardServer.startInternal(StandardServer.java:927)
		at org.apache.catalina.util.LifecycleBase.start(LifecycleBase.java:183)
		at org.apache.catalina.startup.Catalina.start(Catalina.java:795)
		at java.base/jdk.internal.reflect.NativeMethodAccessorImpl.invoke0(Native Method)
		at java.base/jdk.internal.reflect.NativeMethodAccessorImpl.invoke(NativeMethodAccessorImpl.java:77)
		at java.base/jdk.internal.reflect.DelegatingMethodAccessorImpl.invoke(DelegatingMethodAccessorImpl.java:43)
		at java.base/java.lang.reflect.Method.invoke(Method.java:568)
		at org.apache.catalina.startup.Bootstrap.start(Bootstrap.java:345)
		at org.apache.catalina.startup.Bootstrap.main(Bootstrap.java:476)
	Caused by: java.lang.IllegalArgumentException: The AJP Connector is configured with secretRequired="true" but the secret attribute is either null or "". This combination is not valid.
		at org.apache.coyote.ajp.AbstractAjpProtocol.start(AbstractAjpProtocol.java:270)
		at org.apache.catalina.connector.Connector.startInternal(Connector.java:1078)
		... 12 more
16-Oct-2021 09:38:12.940 INFO [main] org.apache.catalina.startup.Catalina.start Server startup in [2214] milliseconds
16-Oct-2021 09:40:52.951 INFO [http-nio-8280-exec-1] org.apache.coyote.AbstractProcessor.parseHost El host [tomcat_servers] no es válido

 Nota: futuras ocurrencias de la solicitud the parseo de errores será logueada con nivel DEBUG.
	java.lang.IllegalArgumentException: The character [_] is never valid in a domain name.
		at org.apache.tomcat.util.http.parser.HttpParser$DomainParseState.next(HttpParser.java:974)
		at org.apache.tomcat.util.http.parser.HttpParser.readHostDomainName(HttpParser.java:870)
		at org.apache.tomcat.util.http.parser.Host.parse(Host.java:71)
		at org.apache.tomcat.util.http.parser.Host.parse(Host.java:45)
		at org.apache.coyote.AbstractProcessor.parseHost(AbstractProcessor.java:298)
		at org.apache.coyote.http11.Http11Processor.prepareRequest(Http11Processor.java:807)
		at org.apache.coyote.http11.Http11Processor.service(Http11Processor.java:358)
		at org.apache.coyote.AbstractProcessorLight.process(AbstractProcessorLight.java:65)
		at org.apache.coyote.AbstractProtocol$ConnectionHandler.process(AbstractProtocol.java:872)
		at org.apache.tomcat.util.net.NioEndpoint$SocketProcessor.doRun(NioEndpoint.java:1695)
		at org.apache.tomcat.util.net.SocketProcessorBase.run(SocketProcessorBase.java:49)
		at org.apache.tomcat.util.threads.ThreadPoolExecutor.runWorker(ThreadPoolExecutor.java:1191)
		at org.apache.tomcat.util.threads.ThreadPoolExecutor$Worker.run(ThreadPoolExecutor.java:659)
		at org.apache.tomcat.util.threads.TaskThread$WrappingRunnable.run(TaskThread.java:61)
		at java.base/java.lang.Thread.run(Thread.java:833)
16-Oct-2021 09:48:44.064 INFO [main] org.apache.catalina.startup.VersionLoggerListener.log Nombre de la versión del servidor: Apache Tomcat/10.0.12
16-Oct-2021 09:48:44.083 INFO [main] org.apache.catalina.startup.VersionLoggerListener.log Server built:                      Sep 28 2021 13:34:21 UTC
16-Oct-2021 09:48:44.083 INFO [main] org.apache.catalina.startup.VersionLoggerListener.log Número de versión de servidor:     10.0.12.0
16-Oct-2021 09:48:44.083 INFO [main] org.apache.catalina.startup.VersionLoggerListener.log OS Name:                           Windows 10
16-Oct-2021 09:48:44.083 INFO [main] org.apache.catalina.startup.VersionLoggerListener.log Versión de Systema Operativo:      10.0
16-Oct-2021 09:48:44.083 INFO [main] org.apache.catalina.startup.VersionLoggerListener.log Arquitectura:                      amd64
16-Oct-2021 09:48:44.083 INFO [main] org.apache.catalina.startup.VersionLoggerListener.log Java Home:                         C:\Program Files\Java\jdk-17
16-Oct-2021 09:48:44.083 INFO [main] org.apache.catalina.startup.VersionLoggerListener.log JVM Version:                       17+35-LTS-2724
16-Oct-2021 09:48:44.083 INFO [main] org.apache.catalina.startup.VersionLoggerListener.log Vededor JVM:                       Oracle Corporation
16-Oct-2021 09:48:44.083 INFO [main] org.apache.catalina.startup.VersionLoggerListener.log CATALINA_BASE:                     C:\instance2
16-Oct-2021 09:48:44.083 INFO [main] org.apache.catalina.startup.VersionLoggerListener.log CATALINA_HOME:                     C:\tomcat10
16-Oct-2021 09:48:44.098 INFO [main] org.apache.catalina.startup.VersionLoggerListener.log Command line argument:             --add-opens=java.base/java.lang=ALL-UNNAMED
16-Oct-2021 09:48:44.098 INFO [main] org.apache.catalina.startup.VersionLoggerListener.log Command line argument:             --add-opens=java.base/java.io=ALL-UNNAMED
16-Oct-2021 09:48:44.098 INFO [main] org.apache.catalina.startup.VersionLoggerListener.log Command line argument:             --add-opens=java.base/java.util=ALL-UNNAMED
16-Oct-2021 09:48:44.098 INFO [main] org.apache.catalina.startup.VersionLoggerListener.log Command line argument:             --add-opens=java.base/java.util.concurrent=ALL-UNNAMED
16-Oct-2021 09:48:44.098 INFO [main] org.apache.catalina.startup.VersionLoggerListener.log Command line argument:             --add-opens=java.rmi/sun.rmi.transport=ALL-UNNAMED
16-Oct-2021 09:48:44.098 INFO [main] org.apache.catalina.startup.VersionLoggerListener.log Command line argument:             -Djava.util.logging.config.file=C:\instance2\conf\logging.properties
16-Oct-2021 09:48:44.098 INFO [main] org.apache.catalina.startup.VersionLoggerListener.log Command line argument:             -Djava.util.logging.manager=org.apache.juli.ClassLoaderLogManager
16-Oct-2021 09:48:44.098 INFO [main] org.apache.catalina.startup.VersionLoggerListener.log Command line argument:             -Djdk.tls.ephemeralDHKeySize=2048
16-Oct-2021 09:48:44.098 INFO [main] org.apache.catalina.startup.VersionLoggerListener.log Command line argument:             -Djava.protocol.handler.pkgs=org.apache.catalina.webresources
16-Oct-2021 09:48:44.098 INFO [main] org.apache.catalina.startup.VersionLoggerListener.log Command line argument:             -Dignore.endorsed.dirs=
16-Oct-2021 09:48:44.098 INFO [main] org.apache.catalina.startup.VersionLoggerListener.log Command line argument:             -Dcatalina.base=C:\instance2
16-Oct-2021 09:48:44.098 INFO [main] org.apache.catalina.startup.VersionLoggerListener.log Command line argument:             -Dcatalina.home=C:\tomcat10
16-Oct-2021 09:48:44.098 INFO [main] org.apache.catalina.startup.VersionLoggerListener.log Command line argument:             -Djava.io.tmpdir=C:\instance2\temp
16-Oct-2021 09:48:44.098 INFO [main] org.apache.catalina.core.AprLifecycleListener.lifecycleEvent Cargada la biblioteca nativa APR de Apache Tomcat [1.2.31] con la versión APR [1.7.0].
16-Oct-2021 09:48:44.098 INFO [main] org.apache.catalina.core.AprLifecycleListener.lifecycleEvent Capacidades APR: IPv6 [true], enviar fichero [true], aceptar filtros [false], aleatorio [true], UDS [true].
16-Oct-2021 09:48:44.114 INFO [main] org.apache.catalina.core.AprLifecycleListener.initializeSSL OpenSSL inicializado correctamente [OpenSSL 1.1.1l  24 Aug 2021]
16-Oct-2021 09:48:44.528 INFO [main] org.apache.coyote.AbstractProtocol.init Inicializando el manejador de protocolo ["http-nio-8280"]

16-Oct-2021 09:48:44.565 INFO [main] org.apache.coyote.AbstractProtocol.init Inicializando el manejador de protocolo ["ajp-nio-0:0:0:0:0:0:0:1-8209"]

16-Oct-2021 09:48:44.565 INFO [main] org.apache.catalina.startup.Catalina.load Server initialization in [882] milliseconds
16-Oct-2021 09:48:44.634 INFO [main] org.apache.catalina.core.StandardService.startInternal Arrancando servicio [Catalina]
16-Oct-2021 09:48:44.634 INFO [main] org.apache.catalina.core.StandardEngine.startInternal Starting Servlet engine: [Apache Tomcat/10.0.12]
16-Oct-2021 09:48:44.650 INFO [main] org.apache.catalina.startup.HostConfig.deployDirectory Desplegando el directorio [C:\instance2\webapps\demoapp] de la aplicación web
16-Oct-2021 09:48:45.183 WARNING [main] org.apache.catalina.util.SessionIdGeneratorBase.createSecureRandom Creation of SecureRandom instance for session ID generation using [SHA1PRNG] took [170] milliseconds.
16-Oct-2021 09:48:45.214 INFO [main] org.apache.catalina.startup.HostConfig.deployDirectory Deployment of web application directory [C:\instance2\webapps\demoapp] has finished in [564] ms
16-Oct-2021 09:48:45.214 INFO [main] org.apache.catalina.startup.HostConfig.deployDirectory Desplegando el directorio [C:\instance2\webapps\docs] de la aplicación web
16-Oct-2021 09:48:45.252 INFO [main] org.apache.catalina.startup.HostConfig.deployDirectory Deployment of web application directory [C:\instance2\webapps\docs] has finished in [38] ms
16-Oct-2021 09:48:45.267 INFO [main] org.apache.catalina.startup.HostConfig.deployDirectory Desplegando el directorio [C:\instance2\webapps\examples] de la aplicación web
16-Oct-2021 09:48:46.051 INFO [main] org.apache.catalina.startup.HostConfig.deployDirectory Deployment of web application directory [C:\instance2\webapps\examples] has finished in [784] ms
16-Oct-2021 09:48:46.051 INFO [main] org.apache.catalina.startup.HostConfig.deployDirectory Desplegando el directorio [C:\instance2\webapps\host-manager] de la aplicación web
16-Oct-2021 09:48:46.120 INFO [main] org.apache.catalina.startup.HostConfig.deployDirectory Deployment of web application directory [C:\instance2\webapps\host-manager] has finished in [69] ms
16-Oct-2021 09:48:46.120 INFO [main] org.apache.catalina.startup.HostConfig.deployDirectory Desplegando el directorio [C:\instance2\webapps\manager] de la aplicación web
16-Oct-2021 09:48:46.167 INFO [main] org.apache.catalina.startup.HostConfig.deployDirectory Deployment of web application directory [C:\instance2\webapps\manager] has finished in [47] ms
16-Oct-2021 09:48:46.183 INFO [main] org.apache.catalina.startup.HostConfig.deployDirectory Desplegando el directorio [C:\instance2\webapps\ROOT] de la aplicación web
16-Oct-2021 09:48:46.221 INFO [main] org.apache.catalina.startup.HostConfig.deployDirectory Deployment of web application directory [C:\instance2\webapps\ROOT] has finished in [38] ms
16-Oct-2021 09:48:46.221 INFO [main] org.apache.coyote.AbstractProtocol.start Starting ProtocolHandler ["http-nio-8280"]
16-Oct-2021 09:48:46.452 SEVERE [main] org.apache.catalina.util.LifecycleBase.handleSubClassException Failed to start component [Connector[AJP/1.3-8209]]
	org.apache.catalina.LifecycleException: Falló el arranque del manejador de protocolo
		at org.apache.catalina.connector.Connector.startInternal(Connector.java:1081)
		at org.apache.catalina.util.LifecycleBase.start(LifecycleBase.java:183)
		at org.apache.catalina.core.StandardService.startInternal(StandardService.java:449)
		at org.apache.catalina.util.LifecycleBase.start(LifecycleBase.java:183)
		at org.apache.catalina.core.StandardServer.startInternal(StandardServer.java:927)
		at org.apache.catalina.util.LifecycleBase.start(LifecycleBase.java:183)
		at org.apache.catalina.startup.Catalina.start(Catalina.java:795)
		at java.base/jdk.internal.reflect.NativeMethodAccessorImpl.invoke0(Native Method)
		at java.base/jdk.internal.reflect.NativeMethodAccessorImpl.invoke(NativeMethodAccessorImpl.java:77)
		at java.base/jdk.internal.reflect.DelegatingMethodAccessorImpl.invoke(DelegatingMethodAccessorImpl.java:43)
		at java.base/java.lang.reflect.Method.invoke(Method.java:568)
		at org.apache.catalina.startup.Bootstrap.start(Bootstrap.java:345)
		at org.apache.catalina.startup.Bootstrap.main(Bootstrap.java:476)
	Caused by: java.lang.IllegalArgumentException: The AJP Connector is configured with secretRequired="true" but the secret attribute is either null or "". This combination is not valid.
		at org.apache.coyote.ajp.AbstractAjpProtocol.start(AbstractAjpProtocol.java:270)
		at org.apache.catalina.connector.Connector.startInternal(Connector.java:1078)
		... 12 more
16-Oct-2021 09:48:46.453 INFO [main] org.apache.catalina.startup.Catalina.start Server startup in [1883] milliseconds
16-Oct-2021 10:07:09.514 INFO [main] org.apache.catalina.startup.VersionLoggerListener.log Nombre de la versión del servidor: Apache Tomcat/9.0.54
16-Oct-2021 10:07:09.523 INFO [main] org.apache.catalina.startup.VersionLoggerListener.log Server built:                      Sep 28 2021 13:51:49 UTC
16-Oct-2021 10:07:09.523 INFO [main] org.apache.catalina.startup.VersionLoggerListener.log Número de versión de servidor:     9.0.54.0
16-Oct-2021 10:07:09.523 INFO [main] org.apache.catalina.startup.VersionLoggerListener.log OS Name:                           Windows 10
16-Oct-2021 10:07:09.523 INFO [main] org.apache.catalina.startup.VersionLoggerListener.log Versión de Systema Operativo:      10.0
16-Oct-2021 10:07:09.526 INFO [main] org.apache.catalina.startup.VersionLoggerListener.log Arquitectura:                      amd64
16-Oct-2021 10:07:09.526 INFO [main] org.apache.catalina.startup.VersionLoggerListener.log Java Home:                         C:\Program Files\Java\jdk-17
16-Oct-2021 10:07:09.526 INFO [main] org.apache.catalina.startup.VersionLoggerListener.log JVM Version:                       17+35-LTS-2724
16-Oct-2021 10:07:09.526 INFO [main] org.apache.catalina.startup.VersionLoggerListener.log Vededor JVM:                       Oracle Corporation
16-Oct-2021 10:07:09.526 INFO [main] org.apache.catalina.startup.VersionLoggerListener.log CATALINA_BASE:                     C:\instance2
16-Oct-2021 10:07:09.526 INFO [main] org.apache.catalina.startup.VersionLoggerListener.log CATALINA_HOME:                     C:\tomcat9
16-Oct-2021 10:07:09.550 INFO [main] org.apache.catalina.startup.VersionLoggerListener.log Command line argument:             --add-opens=java.base/java.lang=ALL-UNNAMED
16-Oct-2021 10:07:09.550 INFO [main] org.apache.catalina.startup.VersionLoggerListener.log Command line argument:             --add-opens=java.base/java.io=ALL-UNNAMED
16-Oct-2021 10:07:09.550 INFO [main] org.apache.catalina.startup.VersionLoggerListener.log Command line argument:             --add-opens=java.base/java.util=ALL-UNNAMED
16-Oct-2021 10:07:09.550 INFO [main] org.apache.catalina.startup.VersionLoggerListener.log Command line argument:             --add-opens=java.base/java.util.concurrent=ALL-UNNAMED
16-Oct-2021 10:07:09.550 INFO [main] org.apache.catalina.startup.VersionLoggerListener.log Command line argument:             --add-opens=java.rmi/sun.rmi.transport=ALL-UNNAMED
16-Oct-2021 10:07:09.554 INFO [main] org.apache.catalina.startup.VersionLoggerListener.log Command line argument:             -Djava.util.logging.config.file=C:\instance2\conf\logging.properties
16-Oct-2021 10:07:09.554 INFO [main] org.apache.catalina.startup.VersionLoggerListener.log Command line argument:             -Djava.util.logging.manager=org.apache.juli.ClassLoaderLogManager
16-Oct-2021 10:07:09.554 INFO [main] org.apache.catalina.startup.VersionLoggerListener.log Command line argument:             -Djdk.tls.ephemeralDHKeySize=2048
16-Oct-2021 10:07:09.558 INFO [main] org.apache.catalina.startup.VersionLoggerListener.log Command line argument:             -Djava.protocol.handler.pkgs=org.apache.catalina.webresources
16-Oct-2021 10:07:09.558 INFO [main] org.apache.catalina.startup.VersionLoggerListener.log Command line argument:             -Dignore.endorsed.dirs=
16-Oct-2021 10:07:09.558 INFO [main] org.apache.catalina.startup.VersionLoggerListener.log Command line argument:             -Dcatalina.base=C:\instance2
16-Oct-2021 10:07:09.558 INFO [main] org.apache.catalina.startup.VersionLoggerListener.log Command line argument:             -Dcatalina.home=C:\tomcat9
16-Oct-2021 10:07:09.558 INFO [main] org.apache.catalina.startup.VersionLoggerListener.log Command line argument:             -Djava.io.tmpdir=C:\instance2\temp
16-Oct-2021 10:07:09.578 INFO [main] org.apache.catalina.core.AprLifecycleListener.lifecycleEvent La biblioteca nativa de Apache Tomcat basada en ARP que permite un rendimiento óptimo en entornos de desarrollo no ha sido hallada en java.library.path: [C:\Program Files\Java\jdk-17\bin;C:\WINDOWS\Sun\Java\bin;C:\WINDOWS\system32;C:\WINDOWS;C:\Program Files\Common Files\Oracle\Java\javapath;C:\Program Files (x86)\Common Files\Oracle\Java\javapath;C:\WINDOWS\system32;C:\WINDOWS;C:\WINDOWS\System32\Wbem;C:\WINDOWS\System32\WindowsPowerShell\v1.0\;C:\WINDOWS\System32\OpenSSH\;C:\Program Files (x86)\Microsoft SQL Server\150\DTS\Binn\;C:\Program Files (x86)\Microsoft SQL Server\150\Tools\Binn\;C:\Program Files\Microsoft SQL Server\150\Tools\Binn\;C:\Program Files\Microsoft SQL Server\150\DTS\Binn\;C:\Program Files\Microsoft SQL Server\Client SDK\ODBC\170\Tools\Binn\;C:\Program Files\Microsoft SQL Server\130\Tools\Binn\;C:\Xampp1\mysql\bin\;C:\xampp\php;D:\Programas\Matlab\runtime\win64;D:\Programas\Matlab\bin;D:\Programas\Redis\;D:\Programas\Boxcryptor\bin\;C:\ProgramData\ComposerSetup\bin;C:\Program Files\Java\jdk-16.0.1\bin;D:\Programas\putty\;C:\Program Files\Go\bin;D:\Programas\Git\cmd;C:\Program Files\Docker\Docker\resources\bin;C:\ProgramData\DockerDesktop\version-bin;C:\Program Files\nodejs\;C:\Program Files\dotnet\;C:\Users\Chehin\AppData\Local\Microsoft\WindowsApps;C:\Program Files\heroku\bin;D:\Programas\heroku\bin;C:\Users\Chehin\AppData\Roaming\Composer\vendor\bin;C:\Users\Chehin\AppData\Local\Programs\Microsoft VS Code\bin;C:\ffmpeg\bin;C:\Users\Chehin\go\bin;C:\Users\Chehin\AppData\Roaming\npm;C:\Users\Chehin\.dotnet\tools;.]
16-Oct-2021 10:07:10.147 INFO [main] org.apache.coyote.AbstractProtocol.init Inicializando el manejador de protocolo ["http-nio-8280"]

16-Oct-2021 10:07:10.201 INFO [main] org.apache.coyote.AbstractProtocol.init Inicializando el manejador de protocolo ["ajp-nio-0:0:0:0:0:0:0:1-8209"]

16-Oct-2021 10:07:10.205 INFO [main] org.apache.catalina.startup.Catalina.load Server initialization in [1164] milliseconds
16-Oct-2021 10:07:10.309 INFO [main] org.apache.catalina.core.StandardService.startInternal Arrancando servicio [Catalina]
16-Oct-2021 10:07:10.313 INFO [main] org.apache.catalina.core.StandardEngine.startInternal Starting Servlet engine: [Apache Tomcat/9.0.54]
16-Oct-2021 10:07:10.333 INFO [main] org.apache.catalina.startup.HostConfig.deployDirectory Desplegando el directorio [C:\instance2\webapps\demoapp] de la aplicación web
16-Oct-2021 10:07:10.561 WARNING [main] org.apache.tomcat.util.descriptor.web.WebXml.setVersion Unknown version string [5.0]. Default version will be used.
16-Oct-2021 10:07:10.964 WARNING [main] org.apache.catalina.util.SessionIdGeneratorBase.createSecureRandom Creation of SecureRandom instance for session ID generation using [SHA1PRNG] took [191] milliseconds.
16-Oct-2021 10:07:10.992 INFO [main] org.apache.catalina.startup.HostConfig.deployDirectory Deployment of web application directory [C:\instance2\webapps\demoapp] has finished in [659] ms
16-Oct-2021 10:07:10.992 INFO [main] org.apache.catalina.startup.HostConfig.deployDirectory Desplegando el directorio [C:\instance2\webapps\docs] de la aplicación web
16-Oct-2021 10:07:11.012 WARNING [main] org.apache.tomcat.util.descriptor.web.WebXml.setVersion Unknown version string [5.0]. Default version will be used.
16-Oct-2021 10:07:11.052 INFO [main] org.apache.catalina.startup.HostConfig.deployDirectory Deployment of web application directory [C:\instance2\webapps\docs] has finished in [60] ms
16-Oct-2021 10:07:11.056 INFO [main] org.apache.catalina.startup.HostConfig.deployDirectory Desplegando el directorio [C:\instance2\webapps\examples] de la aplicación web
16-Oct-2021 10:07:11.316 WARNING [main] org.apache.tomcat.util.descriptor.web.WebXml.setVersion Unknown version string [5.0]. Default version will be used.
16-Oct-2021 10:07:12.101 SEVERE [main] org.apache.catalina.core.StandardContext.startInternal One or more listeners failed to start. Full details will be found in the appropriate container log file
16-Oct-2021 10:07:12.105 SEVERE [main] org.apache.catalina.core.StandardContext.startInternal Falló en arranque del Contexto [/examples] debido a errores previos
16-Oct-2021 10:07:12.134 INFO [main] org.apache.catalina.startup.HostConfig.deployDirectory Deployment of web application directory [C:\instance2\webapps\examples] has finished in [1.078] ms
16-Oct-2021 10:07:12.138 INFO [main] org.apache.catalina.startup.HostConfig.deployDirectory Desplegando el directorio [C:\instance2\webapps\host-manager] de la aplicación web
16-Oct-2021 10:07:12.170 WARNING [main] org.apache.tomcat.util.descriptor.web.WebXml.setVersion Unknown version string [5.0]. Default version will be used.
16-Oct-2021 10:07:12.230 INFO [main] org.apache.catalina.startup.HostConfig.deployDirectory Deployment of web application directory [C:\instance2\webapps\host-manager] has finished in [92] ms
16-Oct-2021 10:07:12.230 INFO [main] org.apache.catalina.startup.HostConfig.deployDirectory Desplegando el directorio [C:\instance2\webapps\manager] de la aplicación web
16-Oct-2021 10:07:12.254 WARNING [main] org.apache.tomcat.util.descriptor.web.WebXml.setVersion Unknown version string [5.0]. Default version will be used.
16-Oct-2021 10:07:12.294 INFO [main] org.apache.catalina.startup.HostConfig.deployDirectory Deployment of web application directory [C:\instance2\webapps\manager] has finished in [64] ms
16-Oct-2021 10:07:12.298 INFO [main] org.apache.catalina.startup.HostConfig.deployDirectory Desplegando el directorio [C:\instance2\webapps\ROOT] de la aplicación web
16-Oct-2021 10:07:12.322 WARNING [main] org.apache.tomcat.util.descriptor.web.WebXml.setVersion Unknown version string [5.0]. Default version will be used.
16-Oct-2021 10:07:12.342 INFO [main] org.apache.catalina.startup.HostConfig.deployDirectory Deployment of web application directory [C:\instance2\webapps\ROOT] has finished in [44] ms
16-Oct-2021 10:07:12.356 INFO [main] org.apache.coyote.AbstractProtocol.start Starting ProtocolHandler ["http-nio-8280"]
16-Oct-2021 10:07:12.584 SEVERE [main] org.apache.catalina.util.LifecycleBase.handleSubClassException Failed to start component [Connector[AJP/1.3-8209]]
	org.apache.catalina.LifecycleException: Falló el arranque del manejador de protocolo
		at org.apache.catalina.connector.Connector.startInternal(Connector.java:1075)
		at org.apache.catalina.util.LifecycleBase.start(LifecycleBase.java:183)
		at org.apache.catalina.core.StandardService.startInternal(StandardService.java:449)
		at org.apache.catalina.util.LifecycleBase.start(LifecycleBase.java:183)
		at org.apache.catalina.core.StandardServer.startInternal(StandardServer.java:927)
		at org.apache.catalina.util.LifecycleBase.start(LifecycleBase.java:183)
		at org.apache.catalina.startup.Catalina.start(Catalina.java:772)
		at java.base/jdk.internal.reflect.NativeMethodAccessorImpl.invoke0(Native Method)
		at java.base/jdk.internal.reflect.NativeMethodAccessorImpl.invoke(NativeMethodAccessorImpl.java:77)
		at java.base/jdk.internal.reflect.DelegatingMethodAccessorImpl.invoke(DelegatingMethodAccessorImpl.java:43)
		at java.base/java.lang.reflect.Method.invoke(Method.java:568)
		at org.apache.catalina.startup.Bootstrap.start(Bootstrap.java:345)
		at org.apache.catalina.startup.Bootstrap.main(Bootstrap.java:476)
	Caused by: java.lang.IllegalArgumentException: The AJP Connector is configured with secretRequired="true" but the secret attribute is either null or "". This combination is not valid.
		at org.apache.coyote.ajp.AbstractAjpProtocol.start(AbstractAjpProtocol.java:270)
		at org.apache.catalina.connector.Connector.startInternal(Connector.java:1072)
		... 12 more
16-Oct-2021 10:07:12.587 INFO [main] org.apache.catalina.startup.Catalina.start Server startup in [2381] milliseconds
16-Oct-2021 10:07:20.106 INFO [http-nio-8280-exec-1] org.apache.coyote.AbstractProcessor.parseHost El host [tomcat_servers] no es válido

 Nota: futuras ocurrencias de la solicitud the parseo de errores será logueada con nivel DEBUG.
	java.lang.IllegalArgumentException: The character [_] is never valid in a domain name.
		at org.apache.tomcat.util.http.parser.HttpParser$DomainParseState.next(HttpParser.java:974)
		at org.apache.tomcat.util.http.parser.HttpParser.readHostDomainName(HttpParser.java:870)
		at org.apache.tomcat.util.http.parser.Host.parse(Host.java:71)
		at org.apache.tomcat.util.http.parser.Host.parse(Host.java:45)
		at org.apache.coyote.AbstractProcessor.parseHost(AbstractProcessor.java:298)
		at org.apache.coyote.http11.Http11Processor.prepareRequest(Http11Processor.java:807)
		at org.apache.coyote.http11.Http11Processor.service(Http11Processor.java:358)
		at org.apache.coyote.AbstractProcessorLight.process(AbstractProcessorLight.java:65)
		at org.apache.coyote.AbstractProtocol$ConnectionHandler.process(AbstractProtocol.java:895)
		at org.apache.tomcat.util.net.NioEndpoint$SocketProcessor.doRun(NioEndpoint.java:1722)
		at org.apache.tomcat.util.net.SocketProcessorBase.run(SocketProcessorBase.java:49)
		at org.apache.tomcat.util.threads.ThreadPoolExecutor.runWorker(ThreadPoolExecutor.java:1191)
		at org.apache.tomcat.util.threads.ThreadPoolExecutor$Worker.run(ThreadPoolExecutor.java:659)
		at org.apache.tomcat.util.threads.TaskThread$WrappingRunnable.run(TaskThread.java:61)
		at java.base/java.lang.Thread.run(Thread.java:833)
16-Oct-2021 10:30:39.319 INFO [main] org.apache.catalina.startup.VersionLoggerListener.log Nombre de la versión del servidor: Apache Tomcat/10.0.12
16-Oct-2021 10:30:39.331 INFO [main] org.apache.catalina.startup.VersionLoggerListener.log Server built:                      Sep 28 2021 13:34:21 UTC
16-Oct-2021 10:30:39.331 INFO [main] org.apache.catalina.startup.VersionLoggerListener.log Número de versión de servidor:     10.0.12.0
16-Oct-2021 10:30:39.331 INFO [main] org.apache.catalina.startup.VersionLoggerListener.log OS Name:                           Windows 10
16-Oct-2021 10:30:39.331 INFO [main] org.apache.catalina.startup.VersionLoggerListener.log Versión de Systema Operativo:      10.0
16-Oct-2021 10:30:39.335 INFO [main] org.apache.catalina.startup.VersionLoggerListener.log Arquitectura:                      amd64
16-Oct-2021 10:30:39.335 INFO [main] org.apache.catalina.startup.VersionLoggerListener.log Java Home:                         C:\Program Files\Java\jdk-17
16-Oct-2021 10:30:39.335 INFO [main] org.apache.catalina.startup.VersionLoggerListener.log JVM Version:                       17+35-LTS-2724
16-Oct-2021 10:30:39.335 INFO [main] org.apache.catalina.startup.VersionLoggerListener.log Vededor JVM:                       Oracle Corporation
16-Oct-2021 10:30:39.335 INFO [main] org.apache.catalina.startup.VersionLoggerListener.log CATALINA_BASE:                     C:\instance2
16-Oct-2021 10:30:39.335 INFO [main] org.apache.catalina.startup.VersionLoggerListener.log CATALINA_HOME:                     C:\tomcat10
16-Oct-2021 10:30:39.358 INFO [main] org.apache.catalina.startup.VersionLoggerListener.log Command line argument:             --add-opens=java.base/java.lang=ALL-UNNAMED
16-Oct-2021 10:30:39.361 INFO [main] org.apache.catalina.startup.VersionLoggerListener.log Command line argument:             --add-opens=java.base/java.io=ALL-UNNAMED
16-Oct-2021 10:30:39.361 INFO [main] org.apache.catalina.startup.VersionLoggerListener.log Command line argument:             --add-opens=java.base/java.util=ALL-UNNAMED
16-Oct-2021 10:30:39.361 INFO [main] org.apache.catalina.startup.VersionLoggerListener.log Command line argument:             --add-opens=java.base/java.util.concurrent=ALL-UNNAMED
16-Oct-2021 10:30:39.365 INFO [main] org.apache.catalina.startup.VersionLoggerListener.log Command line argument:             --add-opens=java.rmi/sun.rmi.transport=ALL-UNNAMED
16-Oct-2021 10:30:39.365 INFO [main] org.apache.catalina.startup.VersionLoggerListener.log Command line argument:             -Djava.util.logging.config.file=C:\instance2\conf\logging.properties
16-Oct-2021 10:30:39.365 INFO [main] org.apache.catalina.startup.VersionLoggerListener.log Command line argument:             -Djava.util.logging.manager=org.apache.juli.ClassLoaderLogManager
16-Oct-2021 10:30:39.365 INFO [main] org.apache.catalina.startup.VersionLoggerListener.log Command line argument:             -Djdk.tls.ephemeralDHKeySize=2048
16-Oct-2021 10:30:39.369 INFO [main] org.apache.catalina.startup.VersionLoggerListener.log Command line argument:             -Djava.protocol.handler.pkgs=org.apache.catalina.webresources
16-Oct-2021 10:30:39.369 INFO [main] org.apache.catalina.startup.VersionLoggerListener.log Command line argument:             -Dignore.endorsed.dirs=
16-Oct-2021 10:30:39.369 INFO [main] org.apache.catalina.startup.VersionLoggerListener.log Command line argument:             -Dcatalina.base=C:\instance2
16-Oct-2021 10:30:39.373 INFO [main] org.apache.catalina.startup.VersionLoggerListener.log Command line argument:             -Dcatalina.home=C:\tomcat10
16-Oct-2021 10:30:39.373 INFO [main] org.apache.catalina.startup.VersionLoggerListener.log Command line argument:             -Djava.io.tmpdir=C:\instance2\temp
16-Oct-2021 10:30:39.385 INFO [main] org.apache.catalina.core.AprLifecycleListener.lifecycleEvent Cargada la biblioteca nativa APR de Apache Tomcat [1.2.31] con la versión APR [1.7.0].
16-Oct-2021 10:30:39.385 INFO [main] org.apache.catalina.core.AprLifecycleListener.lifecycleEvent Capacidades APR: IPv6 [true], enviar fichero [true], aceptar filtros [false], aleatorio [true], UDS [true].
16-Oct-2021 10:30:39.397 INFO [main] org.apache.catalina.core.AprLifecycleListener.initializeSSL OpenSSL inicializado correctamente [OpenSSL 1.1.1l  24 Aug 2021]
16-Oct-2021 10:30:39.845 INFO [main] org.apache.coyote.AbstractProtocol.init Inicializando el manejador de protocolo ["http-nio-8280"]

16-Oct-2021 10:30:39.886 INFO [main] org.apache.coyote.AbstractProtocol.init Inicializando el manejador de protocolo ["ajp-nio-0:0:0:0:0:0:0:1-8209"]

16-Oct-2021 10:30:39.894 INFO [main] org.apache.catalina.startup.Catalina.load Server initialization in [949] milliseconds
16-Oct-2021 10:30:39.961 INFO [main] org.apache.catalina.core.StandardService.startInternal Arrancando servicio [Catalina]
16-Oct-2021 10:30:39.961 INFO [main] org.apache.catalina.core.StandardEngine.startInternal Starting Servlet engine: [Apache Tomcat/10.0.12]
16-Oct-2021 10:30:39.981 INFO [main] org.apache.catalina.startup.HostConfig.deployDirectory Desplegando el directorio [C:\instance2\webapps\demoapp] de la aplicación web
16-Oct-2021 10:30:40.663 WARNING [main] org.apache.catalina.util.SessionIdGeneratorBase.createSecureRandom Creation of SecureRandom instance for session ID generation using [SHA1PRNG] took [184] milliseconds.
16-Oct-2021 10:30:40.687 INFO [main] org.apache.catalina.startup.HostConfig.deployDirectory Deployment of web application directory [C:\instance2\webapps\demoapp] has finished in [702] ms
16-Oct-2021 10:30:40.687 INFO [main] org.apache.catalina.startup.HostConfig.deployDirectory Desplegando el directorio [C:\instance2\webapps\docs] de la aplicación web
16-Oct-2021 10:30:40.731 INFO [main] org.apache.catalina.startup.HostConfig.deployDirectory Deployment of web application directory [C:\instance2\webapps\docs] has finished in [44] ms
16-Oct-2021 10:30:40.735 INFO [main] org.apache.catalina.startup.HostConfig.deployDirectory Desplegando el directorio [C:\instance2\webapps\examples] de la aplicación web
16-Oct-2021 10:30:41.423 INFO [main] org.apache.catalina.startup.HostConfig.deployDirectory Deployment of web application directory [C:\instance2\webapps\examples] has finished in [688] ms
16-Oct-2021 10:30:41.423 INFO [main] org.apache.catalina.startup.HostConfig.deployDirectory Desplegando el directorio [C:\instance2\webapps\host-manager] de la aplicación web
16-Oct-2021 10:30:41.501 INFO [main] org.apache.catalina.startup.HostConfig.deployDirectory Deployment of web application directory [C:\instance2\webapps\host-manager] has finished in [78] ms
16-Oct-2021 10:30:41.501 INFO [main] org.apache.catalina.startup.HostConfig.deployDirectory Desplegando el directorio [C:\instance2\webapps\manager] de la aplicación web
16-Oct-2021 10:30:41.571 INFO [main] org.apache.catalina.startup.HostConfig.deployDirectory Deployment of web application directory [C:\instance2\webapps\manager] has finished in [70] ms
16-Oct-2021 10:30:41.571 INFO [main] org.apache.catalina.startup.HostConfig.deployDirectory Desplegando el directorio [C:\instance2\webapps\ROOT] de la aplicación web
16-Oct-2021 10:30:41.627 INFO [main] org.apache.catalina.startup.HostConfig.deployDirectory Deployment of web application directory [C:\instance2\webapps\ROOT] has finished in [52] ms
16-Oct-2021 10:30:41.639 INFO [main] org.apache.coyote.AbstractProtocol.start Starting ProtocolHandler ["http-nio-8280"]
16-Oct-2021 10:30:41.889 SEVERE [main] org.apache.catalina.util.LifecycleBase.handleSubClassException Failed to start component [Connector[AJP/1.3-8209]]
	org.apache.catalina.LifecycleException: Falló el arranque del manejador de protocolo
		at org.apache.catalina.connector.Connector.startInternal(Connector.java:1081)
		at org.apache.catalina.util.LifecycleBase.start(LifecycleBase.java:183)
		at org.apache.catalina.core.StandardService.startInternal(StandardService.java:449)
		at org.apache.catalina.util.LifecycleBase.start(LifecycleBase.java:183)
		at org.apache.catalina.core.StandardServer.startInternal(StandardServer.java:927)
		at org.apache.catalina.util.LifecycleBase.start(LifecycleBase.java:183)
		at org.apache.catalina.startup.Catalina.start(Catalina.java:795)
		at java.base/jdk.internal.reflect.NativeMethodAccessorImpl.invoke0(Native Method)
		at java.base/jdk.internal.reflect.NativeMethodAccessorImpl.invoke(NativeMethodAccessorImpl.java:77)
		at java.base/jdk.internal.reflect.DelegatingMethodAccessorImpl.invoke(DelegatingMethodAccessorImpl.java:43)
		at java.base/java.lang.reflect.Method.invoke(Method.java:568)
		at org.apache.catalina.startup.Bootstrap.start(Bootstrap.java:345)
		at org.apache.catalina.startup.Bootstrap.main(Bootstrap.java:476)
	Caused by: java.lang.IllegalArgumentException: The AJP Connector is configured with secretRequired="true" but the secret attribute is either null or "". This combination is not valid.
		at org.apache.coyote.ajp.AbstractAjpProtocol.start(AbstractAjpProtocol.java:270)
		at org.apache.catalina.connector.Connector.startInternal(Connector.java:1078)
		... 12 more
16-Oct-2021 10:30:41.891 INFO [main] org.apache.catalina.startup.Catalina.start Server startup in [1995] milliseconds
