11-Oct-2021 10:00:06.048 INFO [main] org.apache.catalina.startup.VersionLoggerListener.log Nombre de la versión del servidor: Apache Tomcat/10.0.12
11-Oct-2021 10:00:06.063 INFO [main] org.apache.catalina.startup.VersionLoggerListener.log Server built:                      Sep 28 2021 13:34:21 UTC
11-Oct-2021 10:00:06.064 INFO [main] org.apache.catalina.startup.VersionLoggerListener.log Número de versión de servidor:     10.0.12.0
11-Oct-2021 10:00:06.065 INFO [main] org.apache.catalina.startup.VersionLoggerListener.log OS Name:                           Windows 10
11-Oct-2021 10:00:06.065 INFO [main] org.apache.catalina.startup.VersionLoggerListener.log Versión de Systema Operativo:      10.0
11-Oct-2021 10:00:06.067 INFO [main] org.apache.catalina.startup.VersionLoggerListener.log Arquitectura:                      amd64
11-Oct-2021 10:00:06.069 INFO [main] org.apache.catalina.startup.VersionLoggerListener.log Java Home:                         C:\Program Files\Java\jdk-17
11-Oct-2021 10:00:06.069 INFO [main] org.apache.catalina.startup.VersionLoggerListener.log JVM Version:                       17+35-LTS-2724
11-Oct-2021 10:00:06.071 INFO [main] org.apache.catalina.startup.VersionLoggerListener.log Vededor JVM:                       Oracle Corporation
11-Oct-2021 10:00:06.076 INFO [main] org.apache.catalina.startup.VersionLoggerListener.log CATALINA_BASE:                     C:\tomcat10
11-Oct-2021 10:00:06.077 INFO [main] org.apache.catalina.startup.VersionLoggerListener.log CATALINA_HOME:                     C:\tomcat10
11-Oct-2021 10:00:06.108 INFO [main] org.apache.catalina.startup.VersionLoggerListener.log Command line argument:             --add-opens=java.base/java.lang=ALL-UNNAMED
11-Oct-2021 10:00:06.110 INFO [main] org.apache.catalina.startup.VersionLoggerListener.log Command line argument:             --add-opens=java.base/java.io=ALL-UNNAMED
11-Oct-2021 10:00:06.111 INFO [main] org.apache.catalina.startup.VersionLoggerListener.log Command line argument:             --add-opens=java.base/java.util=ALL-UNNAMED
11-Oct-2021 10:00:06.112 INFO [main] org.apache.catalina.startup.VersionLoggerListener.log Command line argument:             --add-opens=java.base/java.util.concurrent=ALL-UNNAMED
11-Oct-2021 10:00:06.113 INFO [main] org.apache.catalina.startup.VersionLoggerListener.log Command line argument:             --add-opens=java.rmi/sun.rmi.transport=ALL-UNNAMED
11-Oct-2021 10:00:06.114 INFO [main] org.apache.catalina.startup.VersionLoggerListener.log Command line argument:             -Djava.util.logging.config.file=C:\tomcat10\conf\logging.properties
11-Oct-2021 10:00:06.115 INFO [main] org.apache.catalina.startup.VersionLoggerListener.log Command line argument:             -Djava.util.logging.manager=org.apache.juli.ClassLoaderLogManager
11-Oct-2021 10:00:06.117 INFO [main] org.apache.catalina.startup.VersionLoggerListener.log Command line argument:             -Djdk.tls.ephemeralDHKeySize=2048
11-Oct-2021 10:00:06.119 INFO [main] org.apache.catalina.startup.VersionLoggerListener.log Command line argument:             -Djava.protocol.handler.pkgs=org.apache.catalina.webresources
11-Oct-2021 10:00:06.121 INFO [main] org.apache.catalina.startup.VersionLoggerListener.log Command line argument:             -Dignore.endorsed.dirs=
11-Oct-2021 10:00:06.122 INFO [main] org.apache.catalina.startup.VersionLoggerListener.log Command line argument:             -Dcatalina.base=C:\tomcat10
11-Oct-2021 10:00:06.124 INFO [main] org.apache.catalina.startup.VersionLoggerListener.log Command line argument:             -Dcatalina.home=C:\tomcat10
11-Oct-2021 10:00:06.126 INFO [main] org.apache.catalina.startup.VersionLoggerListener.log Command line argument:             -Djava.io.tmpdir=C:\tomcat10\temp
11-Oct-2021 10:00:06.171 INFO [main] org.apache.catalina.core.AprLifecycleListener.lifecycleEvent Cargada la biblioteca nativa APR de Apache Tomcat [1.2.31] con la versión APR [1.7.0].
11-Oct-2021 10:00:06.171 INFO [main] org.apache.catalina.core.AprLifecycleListener.lifecycleEvent Capacidades APR: IPv6 [true], enviar fichero [true], aceptar filtros [false], aleatorio [true], UDS [true].
11-Oct-2021 10:00:06.195 INFO [main] org.apache.catalina.core.AprLifecycleListener.initializeSSL OpenSSL inicializado correctamente [OpenSSL 1.1.1l  24 Aug 2021]
11-Oct-2021 10:00:06.882 INFO [main] org.apache.coyote.AbstractProtocol.init Inicializando el manejador de protocolo ["http-nio-8080"]

11-Oct-2021 10:00:06.957 INFO [main] org.apache.coyote.http11.AbstractHttp11Protocol.configureUpgradeProtocol The ["https-openssl-nio-8443"] connector has been configured to support negotiation to [h2] via ALPN
11-Oct-2021 10:00:06.957 INFO [main] org.apache.coyote.AbstractProtocol.init Inicializando el manejador de protocolo ["https-openssl-nio-8443"]

11-Oct-2021 10:00:07.083 SEVERE [main] org.apache.catalina.util.LifecycleBase.handleSubClassException Fallo al iniciar el componente [Connector[org.apache.coyote.http11.Http11NioProtocol-8443]]
	org.apache.catalina.LifecycleException: Falló la inicialización del manejador de protocolo
		at org.apache.catalina.connector.Connector.initInternal(Connector.java:1055)
		at org.apache.catalina.util.LifecycleBase.init(LifecycleBase.java:136)
		at org.apache.catalina.core.StandardService.initInternal(StandardService.java:556)
		at org.apache.catalina.util.LifecycleBase.init(LifecycleBase.java:136)
		at org.apache.catalina.core.StandardServer.initInternal(StandardServer.java:1042)
		at org.apache.catalina.util.LifecycleBase.init(LifecycleBase.java:136)
		at org.apache.catalina.startup.Catalina.load(Catalina.java:747)
		at org.apache.catalina.startup.Catalina.load(Catalina.java:769)
		at java.base/jdk.internal.reflect.NativeMethodAccessorImpl.invoke0(Native Method)
		at java.base/jdk.internal.reflect.NativeMethodAccessorImpl.invoke(NativeMethodAccessorImpl.java:77)
		at java.base/jdk.internal.reflect.DelegatingMethodAccessorImpl.invoke(DelegatingMethodAccessorImpl.java:43)
		at java.base/java.lang.reflect.Method.invoke(Method.java:568)
		at org.apache.catalina.startup.Bootstrap.load(Bootstrap.java:305)
		at org.apache.catalina.startup.Bootstrap.main(Bootstrap.java:475)
	Caused by: java.lang.IllegalArgumentException: Cannot obtain resource for specified location [D:\sslkey\demoKey.jks]: no readable file, classloader resource, or this is not a resolvable URI
		at org.apache.tomcat.util.net.AbstractJsseEndpoint.createSSLContext(AbstractJsseEndpoint.java:99)
		at org.apache.tomcat.util.net.AbstractJsseEndpoint.initialiseSsl(AbstractJsseEndpoint.java:71)
		at org.apache.tomcat.util.net.NioEndpoint.bind(NioEndpoint.java:202)
		at org.apache.tomcat.util.net.AbstractEndpoint.bindWithCleanup(AbstractEndpoint.java:1179)
		at org.apache.tomcat.util.net.AbstractEndpoint.init(AbstractEndpoint.java:1192)
		at org.apache.coyote.AbstractProtocol.init(AbstractProtocol.java:580)
		at org.apache.coyote.http11.AbstractHttp11Protocol.init(AbstractHttp11Protocol.java:82)
		at org.apache.catalina.connector.Connector.initInternal(Connector.java:1052)
		... 13 more
	Caused by: java.io.IOException: Cannot obtain resource for specified location [D:\sslkey\demoKey.jks]: no readable file, classloader resource, or this is not a resolvable URI
		at org.apache.catalina.startup.CatalinaBaseConfigurationSource.getResource(CatalinaBaseConfigurationSource.java:112)
		at org.apache.tomcat.util.net.SSLUtilBase.getStore(SSLUtilBase.java:197)
		at org.apache.tomcat.util.net.SSLHostConfigCertificate.getCertificateKeystore(SSLHostConfigCertificate.java:207)
		at org.apache.tomcat.util.net.SSLUtilBase.getKeyManagers(SSLUtilBase.java:281)
		at org.apache.tomcat.util.net.openssl.OpenSSLUtil.getKeyManagers(OpenSSLUtil.java:98)
		at org.apache.tomcat.util.net.SSLUtilBase.createSSLContext(SSLUtilBase.java:245)
		at org.apache.tomcat.util.net.AbstractJsseEndpoint.createSSLContext(AbstractJsseEndpoint.java:97)
		... 20 more
11-Oct-2021 10:00:07.087 INFO [main] org.apache.catalina.startup.Catalina.load Server initialization in [1744] milliseconds
11-Oct-2021 10:00:07.215 INFO [main] org.apache.catalina.core.StandardService.startInternal Arrancando servicio [Catalina]
11-Oct-2021 10:00:07.216 INFO [main] org.apache.catalina.core.StandardEngine.startInternal Starting Servlet engine: [Apache Tomcat/10.0.12]
11-Oct-2021 10:00:07.250 INFO [main] org.apache.catalina.startup.HostConfig.deployDirectory Desplegando el directorio [C:\tomcat10\webapps\demoapp] de la aplicación web
11-Oct-2021 10:00:08.210 WARNING [main] org.apache.catalina.util.SessionIdGeneratorBase.createSecureRandom Creation of SecureRandom instance for session ID generation using [SHA1PRNG] took [301] milliseconds.
11-Oct-2021 10:00:08.257 INFO [main] org.apache.catalina.startup.HostConfig.deployDirectory Deployment of web application directory [C:\tomcat10\webapps\demoapp] has finished in [1.008] ms
11-Oct-2021 10:00:08.259 INFO [main] org.apache.catalina.startup.HostConfig.deployDirectory Desplegando el directorio [C:\tomcat10\webapps\docs] de la aplicación web
11-Oct-2021 10:00:08.340 INFO [main] org.apache.catalina.startup.HostConfig.deployDirectory Deployment of web application directory [C:\tomcat10\webapps\docs] has finished in [81] ms
11-Oct-2021 10:00:08.349 INFO [main] org.apache.catalina.startup.HostConfig.deployDirectory Desplegando el directorio [C:\tomcat10\webapps\examples] de la aplicación web
11-Oct-2021 10:00:10.031 INFO [main] org.apache.catalina.startup.HostConfig.deployDirectory Deployment of web application directory [C:\tomcat10\webapps\examples] has finished in [1.681] ms
11-Oct-2021 10:00:10.032 INFO [main] org.apache.catalina.startup.HostConfig.deployDirectory Desplegando el directorio [C:\tomcat10\webapps\host-manager] de la aplicación web
11-Oct-2021 10:00:10.145 INFO [main] org.apache.catalina.startup.HostConfig.deployDirectory Deployment of web application directory [C:\tomcat10\webapps\host-manager] has finished in [113] ms
11-Oct-2021 10:00:10.146 INFO [main] org.apache.catalina.startup.HostConfig.deployDirectory Desplegando el directorio [C:\tomcat10\webapps\manager] de la aplicación web
11-Oct-2021 10:00:10.277 INFO [main] org.apache.catalina.startup.HostConfig.deployDirectory Deployment of web application directory [C:\tomcat10\webapps\manager] has finished in [131] ms
11-Oct-2021 10:00:10.291 INFO [main] org.apache.catalina.startup.HostConfig.deployDirectory Desplegando el directorio [C:\tomcat10\webapps\ROOT] de la aplicación web
11-Oct-2021 10:00:10.376 INFO [main] org.apache.catalina.startup.HostConfig.deployDirectory Deployment of web application directory [C:\tomcat10\webapps\ROOT] has finished in [83] ms
11-Oct-2021 10:00:10.383 INFO [main] org.apache.catalina.startup.HostConfig.deployDirectory Desplegando el directorio [C:\tomcat10\website2-webapp\ROOT] de la aplicación web
11-Oct-2021 10:00:10.530 INFO [main] org.apache.catalina.startup.HostConfig.deployDirectory Deployment of web application directory [C:\tomcat10\website2-webapp\ROOT] has finished in [147] ms
11-Oct-2021 10:00:10.536 INFO [main] org.apache.catalina.startup.HostConfig.deployDirectory Desplegando el directorio [C:\tomcat10\website3-webapp\ROOT] de la aplicación web
11-Oct-2021 10:00:10.767 INFO [main] org.apache.catalina.startup.HostConfig.deployDirectory Deployment of web application directory [C:\tomcat10\website3-webapp\ROOT] has finished in [230] ms
11-Oct-2021 10:00:10.786 INFO [main] org.apache.catalina.startup.HostConfig.deployDirectory Desplegando el directorio [C:\tomcat10\website1-webapp\ROOT] de la aplicación web
11-Oct-2021 10:00:10.942 INFO [main] org.apache.catalina.startup.HostConfig.deployDirectory Deployment of web application directory [C:\tomcat10\website1-webapp\ROOT] has finished in [154] ms
11-Oct-2021 10:00:10.959 INFO [main] org.apache.coyote.AbstractProtocol.start Starting ProtocolHandler ["http-nio-8080"]
11-Oct-2021 10:00:11.472 INFO [main] org.apache.catalina.startup.Catalina.start Server startup in [4378] milliseconds
11-Oct-2021 19:23:57.317 INFO [main] org.apache.catalina.startup.VersionLoggerListener.log Nombre de la versión del servidor: Apache Tomcat/10.0.12
11-Oct-2021 19:23:57.327 INFO [main] org.apache.catalina.startup.VersionLoggerListener.log Server built:                      Sep 28 2021 13:34:21 UTC
11-Oct-2021 19:23:57.327 INFO [main] org.apache.catalina.startup.VersionLoggerListener.log Número de versión de servidor:     10.0.12.0
11-Oct-2021 19:23:57.328 INFO [main] org.apache.catalina.startup.VersionLoggerListener.log OS Name:                           Windows 10
11-Oct-2021 19:23:57.328 INFO [main] org.apache.catalina.startup.VersionLoggerListener.log Versión de Systema Operativo:      10.0
11-Oct-2021 19:23:57.330 INFO [main] org.apache.catalina.startup.VersionLoggerListener.log Arquitectura:                      amd64
11-Oct-2021 19:23:57.331 INFO [main] org.apache.catalina.startup.VersionLoggerListener.log Java Home:                         C:\Program Files\Java\jdk-17
11-Oct-2021 19:23:57.331 INFO [main] org.apache.catalina.startup.VersionLoggerListener.log JVM Version:                       17+35-LTS-2724
11-Oct-2021 19:23:57.332 INFO [main] org.apache.catalina.startup.VersionLoggerListener.log Vededor JVM:                       Oracle Corporation
11-Oct-2021 19:23:57.332 INFO [main] org.apache.catalina.startup.VersionLoggerListener.log CATALINA_BASE:                     C:\instance2
11-Oct-2021 19:23:57.333 INFO [main] org.apache.catalina.startup.VersionLoggerListener.log CATALINA_HOME:                     C:\tomcat10
11-Oct-2021 19:23:57.361 INFO [main] org.apache.catalina.startup.VersionLoggerListener.log Command line argument:             --add-opens=java.base/java.lang=ALL-UNNAMED
11-Oct-2021 19:23:57.363 INFO [main] org.apache.catalina.startup.VersionLoggerListener.log Command line argument:             --add-opens=java.base/java.io=ALL-UNNAMED
11-Oct-2021 19:23:57.363 INFO [main] org.apache.catalina.startup.VersionLoggerListener.log Command line argument:             --add-opens=java.base/java.util=ALL-UNNAMED
11-Oct-2021 19:23:57.365 INFO [main] org.apache.catalina.startup.VersionLoggerListener.log Command line argument:             --add-opens=java.base/java.util.concurrent=ALL-UNNAMED
11-Oct-2021 19:23:57.366 INFO [main] org.apache.catalina.startup.VersionLoggerListener.log Command line argument:             --add-opens=java.rmi/sun.rmi.transport=ALL-UNNAMED
11-Oct-2021 19:23:57.367 INFO [main] org.apache.catalina.startup.VersionLoggerListener.log Command line argument:             -Djava.util.logging.config.file=C:\instance2\conf\logging.properties
11-Oct-2021 19:23:57.368 INFO [main] org.apache.catalina.startup.VersionLoggerListener.log Command line argument:             -Djava.util.logging.manager=org.apache.juli.ClassLoaderLogManager
11-Oct-2021 19:23:57.372 INFO [main] org.apache.catalina.startup.VersionLoggerListener.log Command line argument:             -Djdk.tls.ephemeralDHKeySize=2048
11-Oct-2021 19:23:57.373 INFO [main] org.apache.catalina.startup.VersionLoggerListener.log Command line argument:             -Djava.protocol.handler.pkgs=org.apache.catalina.webresources
11-Oct-2021 19:23:57.375 INFO [main] org.apache.catalina.startup.VersionLoggerListener.log Command line argument:             -Dignore.endorsed.dirs=
11-Oct-2021 19:23:57.376 INFO [main] org.apache.catalina.startup.VersionLoggerListener.log Command line argument:             -Dcatalina.base=C:\instance2
11-Oct-2021 19:23:57.378 INFO [main] org.apache.catalina.startup.VersionLoggerListener.log Command line argument:             -Dcatalina.home=C:\tomcat10
11-Oct-2021 19:23:57.381 INFO [main] org.apache.catalina.startup.VersionLoggerListener.log Command line argument:             -Djava.io.tmpdir=C:\instance2\temp
11-Oct-2021 19:23:57.392 INFO [main] org.apache.catalina.core.AprLifecycleListener.lifecycleEvent Cargada la biblioteca nativa APR de Apache Tomcat [1.2.31] con la versión APR [1.7.0].
11-Oct-2021 19:23:57.393 INFO [main] org.apache.catalina.core.AprLifecycleListener.lifecycleEvent Capacidades APR: IPv6 [true], enviar fichero [true], aceptar filtros [false], aleatorio [true], UDS [true].
11-Oct-2021 19:23:57.402 INFO [main] org.apache.catalina.core.AprLifecycleListener.initializeSSL OpenSSL inicializado correctamente [OpenSSL 1.1.1l  24 Aug 2021]
11-Oct-2021 19:23:58.125 INFO [main] org.apache.coyote.AbstractProtocol.init Inicializando el manejador de protocolo ["http-nio-8280"]

11-Oct-2021 19:23:58.187 INFO [main] org.apache.coyote.AbstractProtocol.init Inicializando el manejador de protocolo ["ajp-nio-0:0:0:0:0:0:0:1-8209"]

11-Oct-2021 19:23:58.192 INFO [main] org.apache.catalina.startup.Catalina.load Server initialization in [1349] milliseconds
11-Oct-2021 19:23:58.314 INFO [main] org.apache.catalina.core.StandardService.startInternal Arrancando servicio [Catalina]
11-Oct-2021 19:23:58.316 INFO [main] org.apache.catalina.core.StandardEngine.startInternal Starting Servlet engine: [Apache Tomcat/10.0.12]
11-Oct-2021 19:23:58.337 INFO [main] org.apache.catalina.startup.HostConfig.deployDirectory Desplegando el directorio [C:\instance2\webapps\demoapp] de la aplicación web
11-Oct-2021 19:23:59.139 WARNING [main] org.apache.catalina.util.SessionIdGeneratorBase.createSecureRandom Creation of SecureRandom instance for session ID generation using [SHA1PRNG] took [247] milliseconds.
11-Oct-2021 19:23:59.171 INFO [main] org.apache.catalina.startup.HostConfig.deployDirectory Deployment of web application directory [C:\instance2\webapps\demoapp] has finished in [833] ms
11-Oct-2021 19:23:59.172 INFO [main] org.apache.catalina.startup.HostConfig.deployDirectory Desplegando el directorio [C:\instance2\webapps\docs] de la aplicación web
11-Oct-2021 19:23:59.237 INFO [main] org.apache.catalina.startup.HostConfig.deployDirectory Deployment of web application directory [C:\instance2\webapps\docs] has finished in [64] ms
11-Oct-2021 19:23:59.240 INFO [main] org.apache.catalina.startup.HostConfig.deployDirectory Desplegando el directorio [C:\instance2\webapps\examples] de la aplicación web
11-Oct-2021 19:24:00.497 INFO [main] org.apache.catalina.startup.HostConfig.deployDirectory Deployment of web application directory [C:\instance2\webapps\examples] has finished in [1.259] ms
11-Oct-2021 19:24:00.501 INFO [main] org.apache.catalina.startup.HostConfig.deployDirectory Desplegando el directorio [C:\instance2\webapps\host-manager] de la aplicación web
11-Oct-2021 19:24:00.633 INFO [main] org.apache.catalina.startup.HostConfig.deployDirectory Deployment of web application directory [C:\instance2\webapps\host-manager] has finished in [131] ms
11-Oct-2021 19:24:00.636 INFO [main] org.apache.catalina.startup.HostConfig.deployDirectory Desplegando el directorio [C:\instance2\webapps\manager] de la aplicación web
11-Oct-2021 19:24:00.756 INFO [main] org.apache.catalina.startup.HostConfig.deployDirectory Deployment of web application directory [C:\instance2\webapps\manager] has finished in [121] ms
11-Oct-2021 19:24:00.761 INFO [main] org.apache.catalina.startup.HostConfig.deployDirectory Desplegando el directorio [C:\instance2\webapps\ROOT] de la aplicación web
11-Oct-2021 19:24:00.854 INFO [main] org.apache.catalina.startup.HostConfig.deployDirectory Deployment of web application directory [C:\instance2\webapps\ROOT] has finished in [94] ms
11-Oct-2021 19:24:00.877 INFO [main] org.apache.coyote.AbstractProtocol.start Starting ProtocolHandler ["http-nio-8280"]
11-Oct-2021 19:24:01.295 SEVERE [main] org.apache.catalina.util.LifecycleBase.handleSubClassException Failed to start component [Connector[AJP/1.3-8209]]
	org.apache.catalina.LifecycleException: Falló el arranque del manejador de protocolo
		at org.apache.catalina.connector.Connector.startInternal(Connector.java:1081)
		at org.apache.catalina.util.LifecycleBase.start(LifecycleBase.java:183)
		at org.apache.catalina.core.StandardService.startInternal(StandardService.java:449)
		at org.apache.catalina.util.LifecycleBase.start(LifecycleBase.java:183)
		at org.apache.catalina.core.StandardServer.startInternal(StandardServer.java:927)
		at org.apache.catalina.util.LifecycleBase.start(LifecycleBase.java:183)
		at org.apache.catalina.startup.Catalina.start(Catalina.java:795)
		at java.base/jdk.internal.reflect.NativeMethodAccessorImpl.invoke0(Native Method)
		at java.base/jdk.internal.reflect.NativeMethodAccessorImpl.invoke(NativeMethodAccessorImpl.java:77)
		at java.base/jdk.internal.reflect.DelegatingMethodAccessorImpl.invoke(DelegatingMethodAccessorImpl.java:43)
		at java.base/java.lang.reflect.Method.invoke(Method.java:568)
		at org.apache.catalina.startup.Bootstrap.start(Bootstrap.java:345)
		at org.apache.catalina.startup.Bootstrap.main(Bootstrap.java:476)
	Caused by: java.lang.IllegalArgumentException: The AJP Connector is configured with secretRequired="true" but the secret attribute is either null or "". This combination is not valid.
		at org.apache.coyote.ajp.AbstractAjpProtocol.start(AbstractAjpProtocol.java:270)
		at org.apache.catalina.connector.Connector.startInternal(Connector.java:1078)
		... 12 more
11-Oct-2021 19:24:01.300 INFO [main] org.apache.catalina.startup.Catalina.start Server startup in [3104] milliseconds
