08-Oct-2021 12:11:44.132 INFO [main] org.apache.catalina.core.ApplicationContext.log ContextListener: contextInitialized()
08-Oct-2021 12:11:44.132 INFO [main] org.apache.catalina.core.ApplicationContext.log SessionListener: contextInitialized()
08-Oct-2021 12:11:44.136 INFO [main] org.apache.catalina.core.ApplicationContext.log ContextListener: attributeAdded('StockTicker', 'async.Stockticker@69637b10')
08-Oct-2021 12:30:14.561 INFO [Thread-2] org.apache.catalina.core.ApplicationContext.log SessionListener: contextDestroyed()
08-Oct-2021 12:30:14.561 INFO [Thread-2] org.apache.catalina.core.ApplicationContext.log ContextListener: contextDestroyed()
08-Oct-2021 12:30:36.358 INFO [main] org.apache.catalina.core.ApplicationContext.log ContextListener: contextInitialized()
08-Oct-2021 12:30:36.358 INFO [main] org.apache.catalina.core.ApplicationContext.log SessionListener: contextInitialized()
08-Oct-2021 12:30:36.361 INFO [main] org.apache.catalina.core.ApplicationContext.log ContextListener: attributeAdded('StockTicker', 'async.Stockticker@18f20260')
08-Oct-2021 12:33:02.642 INFO [Thread-2] org.apache.catalina.core.ApplicationContext.log SessionListener: contextDestroyed()
08-Oct-2021 12:33:02.642 INFO [Thread-2] org.apache.catalina.core.ApplicationContext.log ContextListener: contextDestroyed()
08-Oct-2021 12:33:08.787 INFO [main] org.apache.catalina.core.ApplicationContext.log ContextListener: contextInitialized()
08-Oct-2021 12:33:08.787 INFO [main] org.apache.catalina.core.ApplicationContext.log SessionListener: contextInitialized()
08-Oct-2021 12:33:08.791 INFO [main] org.apache.catalina.core.ApplicationContext.log ContextListener: attributeAdded('StockTicker', 'async.Stockticker@5049d8b2')
08-Oct-2021 12:37:11.284 INFO [Thread-2] org.apache.catalina.core.ApplicationContext.log SessionListener: contextDestroyed()
08-Oct-2021 12:37:11.284 INFO [Thread-2] org.apache.catalina.core.ApplicationContext.log ContextListener: contextDestroyed()
08-Oct-2021 18:54:23.930 INFO [main] org.apache.catalina.core.ApplicationContext.log ContextListener: contextInitialized()
08-Oct-2021 18:54:23.930 INFO [main] org.apache.catalina.core.ApplicationContext.log SessionListener: contextInitialized()
08-Oct-2021 18:54:23.934 INFO [main] org.apache.catalina.core.ApplicationContext.log ContextListener: attributeAdded('StockTicker', 'async.Stockticker@ca27722')
08-Oct-2021 19:14:51.649 INFO [Thread-2] org.apache.catalina.core.ApplicationContext.log SessionListener: contextDestroyed()
08-Oct-2021 19:14:51.649 INFO [Thread-2] org.apache.catalina.core.ApplicationContext.log ContextListener: contextDestroyed()
08-Oct-2021 19:17:01.632 INFO [main] org.apache.catalina.core.ApplicationContext.log ContextListener: contextInitialized()
08-Oct-2021 19:17:01.632 INFO [main] org.apache.catalina.core.ApplicationContext.log SessionListener: contextInitialized()
08-Oct-2021 19:17:01.640 INFO [main] org.apache.catalina.core.ApplicationContext.log ContextListener: attributeAdded('StockTicker', 'async.Stockticker@9573b3b')
08-Oct-2021 19:17:20.196 INFO [Thread-2] org.apache.catalina.core.ApplicationContext.log SessionListener: contextDestroyed()
08-Oct-2021 19:17:20.196 INFO [Thread-2] org.apache.catalina.core.ApplicationContext.log ContextListener: contextDestroyed()
08-Oct-2021 19:18:20.576 INFO [main] org.apache.catalina.core.ApplicationContext.log ContextListener: contextInitialized()
08-Oct-2021 19:18:20.576 INFO [main] org.apache.catalina.core.ApplicationContext.log SessionListener: contextInitialized()
08-Oct-2021 19:18:20.581 INFO [main] org.apache.catalina.core.ApplicationContext.log ContextListener: attributeAdded('StockTicker', 'async.Stockticker@78461bc4')
